2014-12-23 01:19:38 INFO  ResourceX:56 - ============================[ Default.aspx -> Global.resx ]===============================
2014-12-23 01:19:38 INFO  ResourceX:101 -  (1) Resource Exist: FileName = [Global.resx] value = [default_labelUpcomingEvents] defaultLanguageValue = [Upcoming Events are a stream of upcoming activity. Your upcoming appointments, bookings, customer birthdays and anniversaries, and followups will display here to keep you up-to-date on whats to come.]
2014-12-23 01:19:38 INFO  ResourceX:102 -  (1) Resource Exist: FileName = [Global.resx] value = [default_labelUpcomingEvents] defaultLanguageValue = [Upcoming Events are a stream of upcoming activity. Your upcoming appointments, bookings, customer birthdays and anniversaries, and followups will display here to keep you up-to-date on whats to come.]
2014-12-23 01:19:38 INFO  ResourceX:97 -  (2) Resource Added: FileName = [Global.resx] value = [default_labelTrendsToolTip] defaultLanguageValue = [Trends give you an overview of the pulse of your business. See the progress of your sales and bookings. Find the products that your sell most and see your up-to-date profit and loss.]
2014-12-23 01:19:38 INFO  ResourceX:97 -  (3) Resource Added: FileName = [Global.resx] value = [default_labelBeautiNet] defaultLanguageValue = [Beautinet]
2014-12-23 01:19:38 INFO  ResourceX:97 -  (4) Resource Added: FileName = [Global.resx] value = [default_labelMaryKay] defaultLanguageValue = [Mary Kay]
2014-12-23 01:19:38 INFO  ResourceX:97 -  (5) Resource Added: FileName = [Global.resx] value = [default_labelImportance] defaultLanguageValue = [Importance:]
2014-12-23 01:19:38 INFO  ResourceX:97 -  (6) Resource Added: FileName = [Global.resx] value = [default_labelNewVehicle] defaultLanguageValue = [New Vehicle]
2014-12-23 01:19:38 INFO  ResourceX:97 -  (7) Resource Added: FileName = [Global.resx] value = [default_headerMyAscendLive] defaultLanguageValue = [My Ascend Live]
2014-12-23 01:19:38 INFO  ResourceX:97 -  (8) Resource Added: FileName = [Global.resx] value = [default_helpHighPriorityTaskToolTip] defaultLanguageValue = [My Tasks are your high priority tasks (listed first) followed by upcoming tasks that have a due date assigned.]
2014-12-23 01:19:38 INFO  ResourceX:97 -  (9) Resource Added: FileName = [Global.resx] value = [default_helpBlogToolTip] defaultLanguageValue = [What's New is the latest news and information from our team. Stay up to date with updates to the application as well as tips and industry news.]
2014-12-23 01:19:38 INFO  ResourceX:97 -  (10) Resource Added: FileName = [Global.resx] value = [default_labelMaryKayIntouch] defaultLanguageValue = [Mary Kay InTouch]
2014-12-23 01:19:38 INFO  ResourceX:97 -  (11) Resource Added: FileName = [Global.resx] value = [default_labelFlourishBlog] defaultLanguageValue = [Flourish Blog]
2014-12-23 01:19:38 INFO  ResourceX:101 -  (12) Resource Exist: FileName = [Global.resx] value = [default_headerMyAscendLive] defaultLanguageValue = [My Ascend Live]
2014-12-23 01:19:38 INFO  ResourceX:102 -  (12) Resource Exist: FileName = [Global.resx] value = [default_headerMyAscendLive] defaultLanguageValue = [My Ascend Live]
2014-12-23 01:19:38 INFO  ResourceX:97 -  (13) Resource Added: FileName = [Global.resx] value = [default_headerFullLinks] defaultLanguageValue = [We have provided some resources with useful information for running your business.]
2014-12-23 01:19:38 INFO  ResourceX:56 - ============================[ Default.aspx -> Global.es.resx ]===============================
2014-12-23 01:19:38 INFO  ResourceX:101 -  (1) Resource Exist: FileName = [Global.es.resx] value = [default_labelUpcomingEvents] defaultLanguageValue = []
2014-12-23 01:19:38 INFO  ResourceX:102 -  (1) Resource Exist: FileName = [Global.es.resx] value = [default_labelUpcomingEvents] defaultLanguageValue = []
2014-12-23 01:19:38 INFO  ResourceX:101 -  (2) Resource Exist: FileName = [Global.es.resx] value = [default_labelTrendsToolTip] defaultLanguageValue = []
2014-12-23 01:19:38 INFO  ResourceX:102 -  (2) Resource Exist: FileName = [Global.es.resx] value = [default_labelTrendsToolTip] defaultLanguageValue = []
2014-12-23 01:19:38 INFO  ResourceX:101 -  (3) Resource Exist: FileName = [Global.es.resx] value = [default_labelBeautiNet] defaultLanguageValue = []
2014-12-23 01:19:38 INFO  ResourceX:102 -  (3) Resource Exist: FileName = [Global.es.resx] value = [default_labelBeautiNet] defaultLanguageValue = []
2014-12-23 01:19:38 INFO  ResourceX:101 -  (4) Resource Exist: FileName = [Global.es.resx] value = [default_labelMaryKay] defaultLanguageValue = []
2014-12-23 01:19:38 INFO  ResourceX:102 -  (4) Resource Exist: FileName = [Global.es.resx] value = [default_labelMaryKay] defaultLanguageValue = []
2014-12-23 01:19:38 INFO  ResourceX:101 -  (5) Resource Exist: FileName = [Global.es.resx] value = [default_labelImportance] defaultLanguageValue = []
2014-12-23 01:19:38 INFO  ResourceX:102 -  (5) Resource Exist: FileName = [Global.es.resx] value = [default_labelImportance] defaultLanguageValue = []
2014-12-23 01:19:38 INFO  ResourceX:101 -  (6) Resource Exist: FileName = [Global.es.resx] value = [default_labelNewVehicle] defaultLanguageValue = []
2014-12-23 01:19:38 INFO  ResourceX:102 -  (6) Resource Exist: FileName = [Global.es.resx] value = [default_labelNewVehicle] defaultLanguageValue = []
2014-12-23 01:19:38 INFO  ResourceX:101 -  (7) Resource Exist: FileName = [Global.es.resx] value = [default_headerMyAscendLive] defaultLanguageValue = []
2014-12-23 01:19:38 INFO  ResourceX:102 -  (7) Resource Exist: FileName = [Global.es.resx] value = [default_headerMyAscendLive] defaultLanguageValue = []
2014-12-23 01:19:38 INFO  ResourceX:101 -  (8) Resource Exist: FileName = [Global.es.resx] value = [default_helpHighPriorityTaskToolTip] defaultLanguageValue = []
2014-12-23 01:19:38 INFO  ResourceX:102 -  (8) Resource Exist: FileName = [Global.es.resx] value = [default_helpHighPriorityTaskToolTip] defaultLanguageValue = []
2014-12-23 01:19:38 INFO  ResourceX:101 -  (9) Resource Exist: FileName = [Global.es.resx] value = [default_helpBlogToolTip] defaultLanguageValue = []
2014-12-23 01:19:38 INFO  ResourceX:102 -  (9) Resource Exist: FileName = [Global.es.resx] value = [default_helpBlogToolTip] defaultLanguageValue = []
2014-12-23 01:19:38 INFO  ResourceX:101 -  (10) Resource Exist: FileName = [Global.es.resx] value = [default_labelMaryKayIntouch] defaultLanguageValue = []
2014-12-23 01:19:38 INFO  ResourceX:102 -  (10) Resource Exist: FileName = [Global.es.resx] value = [default_labelMaryKayIntouch] defaultLanguageValue = []
2014-12-23 01:19:38 INFO  ResourceX:101 -  (11) Resource Exist: FileName = [Global.es.resx] value = [default_labelFlourishBlog] defaultLanguageValue = []
2014-12-23 01:19:38 INFO  ResourceX:102 -  (11) Resource Exist: FileName = [Global.es.resx] value = [default_labelFlourishBlog] defaultLanguageValue = []
2014-12-23 01:19:38 INFO  ResourceX:101 -  (12) Resource Exist: FileName = [Global.es.resx] value = [default_headerMyAscendLive] defaultLanguageValue = []
2014-12-23 01:19:38 INFO  ResourceX:102 -  (12) Resource Exist: FileName = [Global.es.resx] value = [default_headerMyAscendLive] defaultLanguageValue = []
2014-12-23 01:19:38 INFO  ResourceX:101 -  (13) Resource Exist: FileName = [Global.es.resx] value = [default_headerFullLinks] defaultLanguageValue = []
2014-12-23 01:19:38 INFO  ResourceX:102 -  (13) Resource Exist: FileName = [Global.es.resx] value = [default_headerFullLinks] defaultLanguageValue = []
2014-12-23 01:19:38 INFO  ResourceX:56 - ============================[ Default.aspx.vb -> Global.resx ]===============================
2014-12-23 01:19:38 INFO  ResourceX:97 -  (1) Resource Added: FileName = [Global.resx] value = [default_stringYou] defaultLanguageValue = [you]
2014-12-23 01:19:38 INFO  ResourceX:97 -  (2) Resource Added: FileName = [Global.resx] value = [default_eventLinkViewContact2] defaultLanguageValue = [Birthday for <a href=""contacts/ViewContact.aspx?p={0}"">{1}</a>.]
2014-12-23 01:19:38 INFO  ResourceX:97 -  (3) Resource Added: FileName = [Global.resx] value = [default_linkViewContact] defaultLanguageValue = [<a href=""datebook/EditAppointment.aspx?ap={3}"">{4}</a> with <a href=""contacts/ViewContact.aspx?p={0}"">{1}</a>{2}.]
2014-12-23 01:19:38 INFO  ResourceX:97 -  (4) Resource Added: FileName = [Global.resx] value = [default_eventLinkAppointments1] defaultLanguageValue = [<a href=""datebook/Appointments.aspx"">Birthday</a> for {0} on {1}.]
2014-12-23 01:19:38 INFO  ResourceX:97 -  (5) Resource Added: FileName = [Global.resx] value = [default_successIncomeAdded] defaultLanguageValue = [Your income has been successfully added.]
2014-12-23 01:19:38 INFO  ResourceX:97 -  (6) Resource Added: FileName = [Global.resx] value = [default_successMileageAdded] defaultLanguageValue = [Your mileage has been successfully added.]
2014-12-23 01:19:38 INFO  ResourceX:97 -  (7) Resource Added: FileName = [Global.resx] value = [default_stringPriorotyHight] defaultLanguageValue = [High]
2014-12-23 01:19:38 INFO  ResourceX:97 -  (8) Resource Added: FileName = [Global.resx] value = [default_stringPriorotyMedium] defaultLanguageValue = [Medium]
2014-12-23 01:19:38 INFO  ResourceX:97 -  (9) Resource Added: FileName = [Global.resx] value = [default_stringAppointment] defaultLanguageValue = [Appointment]
2014-12-23 01:19:38 INFO  ResourceX:97 -  (10) Resource Added: FileName = [Global.resx] value = [default_notifyExpenseAdded] defaultLanguageValue = [Expense Added]
2014-12-23 01:19:38 INFO  ResourceX:97 -  (11) Resource Added: FileName = [Global.resx] value = [default_eventLinkViewContact1] defaultLanguageValue = [Birthday for <b>{2}</b> spouse of <a href=""contacts/ViewContact.aspx?p={0}"">{1}</a>.]
2014-12-23 01:19:38 INFO  ResourceX:97 -  (12) Resource Added: FileName = [Global.resx] value = [default_notifyMileageAdded] defaultLanguageValue = [Mileage Added]
2014-12-23 01:19:38 INFO  ResourceX:97 -  (13) Resource Added: FileName = [Global.resx] value = [default_successTaskAdded] defaultLanguageValue = [Your task has been successfully added.]
2014-12-23 01:19:38 INFO  ResourceX:97 -  (14) Resource Added: FileName = [Global.resx] value = [default_stringPriorotyLow] defaultLanguageValue = [Low]
2014-12-23 01:19:38 INFO  ResourceX:97 -  (15) Resource Added: FileName = [Global.resx] value = [default_linkViewBookingHosted] defaultLanguageValue = [{2} booking hosted by <a href=""datebook/ViewBooking.aspx?b={1}"">{0}</a>.]
2014-12-23 01:19:38 INFO  ResourceX:97 -  (16) Resource Added: FileName = [Global.resx] value = [default_stringAtTime] defaultLanguageValue = [ at {0}]
2014-12-23 01:19:38 INFO  ResourceX:97 -  (17) Resource Added: FileName = [Global.resx] value = [default_successExpenseAdded] defaultLanguageValue = [Your expense has been successfully added.]
2014-12-23 01:19:38 INFO  ResourceX:97 -  (18) Resource Added: FileName = [Global.resx] value = [default_notifyIncomeAdded] defaultLanguageValue = [Income Added]
2014-12-23 01:19:38 INFO  ResourceX:97 -  (19) Resource Added: FileName = [Global.resx] value = [default_eventLinkViewContact] defaultLanguageValue = [Anniversary for <a href=""contacts/ViewContact.aspx?p={0}"">{1}</a>.]
2014-12-23 01:19:38 INFO  ResourceX:97 -  (20) Resource Added: FileName = [Global.resx] value = [default_eventLinkAppointments] defaultLanguageValue = [<a href=""datebook/Appointments.aspx"">Anniversary</a> for {0} on {1}.]
2014-12-23 01:19:38 INFO  ResourceX:97 -  (21) Resource Added: FileName = [Global.resx] value = [default_stringAllDay] defaultLanguageValue = [all day]
2014-12-23 01:19:38 INFO  ResourceX:97 -  (22) Resource Added: FileName = [Global.resx] value = [default_stringRecurringAppointment] defaultLanguageValue = [Recurring appointment]
2014-12-23 01:19:38 INFO  ResourceX:56 - ============================[ Default.aspx.vb -> Global.es.resx ]===============================
2014-12-23 01:19:38 INFO  ResourceX:97 -  (1) Resource Added: FileName = [Global.es.resx] value = [default_stringYou] defaultLanguageValue = []
2014-12-23 01:19:38 INFO  ResourceX:97 -  (2) Resource Added: FileName = [Global.es.resx] value = [default_eventLinkViewContact2] defaultLanguageValue = []
2014-12-23 01:19:38 INFO  ResourceX:97 -  (3) Resource Added: FileName = [Global.es.resx] value = [default_linkViewContact] defaultLanguageValue = []
2014-12-23 01:19:38 INFO  ResourceX:97 -  (4) Resource Added: FileName = [Global.es.resx] value = [default_eventLinkAppointments1] defaultLanguageValue = []
2014-12-23 01:19:38 INFO  ResourceX:97 -  (5) Resource Added: FileName = [Global.es.resx] value = [default_successIncomeAdded] defaultLanguageValue = []
2014-12-23 01:19:38 INFO  ResourceX:97 -  (6) Resource Added: FileName = [Global.es.resx] value = [default_successMileageAdded] defaultLanguageValue = []
2014-12-23 01:19:38 INFO  ResourceX:97 -  (7) Resource Added: FileName = [Global.es.resx] value = [default_stringPriorotyHight] defaultLanguageValue = []
2014-12-23 01:19:38 INFO  ResourceX:97 -  (8) Resource Added: FileName = [Global.es.resx] value = [default_stringPriorotyMedium] defaultLanguageValue = []
2014-12-23 01:19:38 INFO  ResourceX:97 -  (9) Resource Added: FileName = [Global.es.resx] value = [default_stringAppointment] defaultLanguageValue = []
2014-12-23 01:19:38 INFO  ResourceX:97 -  (10) Resource Added: FileName = [Global.es.resx] value = [default_notifyExpenseAdded] defaultLanguageValue = []
2014-12-23 01:19:38 INFO  ResourceX:97 -  (11) Resource Added: FileName = [Global.es.resx] value = [default_eventLinkViewContact1] defaultLanguageValue = []
2014-12-23 01:19:38 INFO  ResourceX:97 -  (12) Resource Added: FileName = [Global.es.resx] value = [default_notifyMileageAdded] defaultLanguageValue = []
2014-12-23 01:19:38 INFO  ResourceX:97 -  (13) Resource Added: FileName = [Global.es.resx] value = [default_successTaskAdded] defaultLanguageValue = []
2014-12-23 01:19:38 INFO  ResourceX:97 -  (14) Resource Added: FileName = [Global.es.resx] value = [default_stringPriorotyLow] defaultLanguageValue = []
2014-12-23 01:19:38 INFO  ResourceX:97 -  (15) Resource Added: FileName = [Global.es.resx] value = [default_linkViewBookingHosted] defaultLanguageValue = []
2014-12-23 01:19:39 INFO  ResourceX:97 -  (16) Resource Added: FileName = [Global.es.resx] value = [default_stringAtTime] defaultLanguageValue = []
2014-12-23 01:19:39 INFO  ResourceX:97 -  (17) Resource Added: FileName = [Global.es.resx] value = [default_successExpenseAdded] defaultLanguageValue = []
2014-12-23 01:19:39 INFO  ResourceX:97 -  (18) Resource Added: FileName = [Global.es.resx] value = [default_notifyIncomeAdded] defaultLanguageValue = []
2014-12-23 01:19:39 INFO  ResourceX:97 -  (19) Resource Added: FileName = [Global.es.resx] value = [default_eventLinkViewContact] defaultLanguageValue = []
2014-12-23 01:19:39 INFO  ResourceX:97 -  (20) Resource Added: FileName = [Global.es.resx] value = [default_eventLinkAppointments] defaultLanguageValue = []
2014-12-23 01:19:39 INFO  ResourceX:97 -  (21) Resource Added: FileName = [Global.es.resx] value = [default_stringAllDay] defaultLanguageValue = []
2014-12-23 01:19:39 INFO  ResourceX:97 -  (22) Resource Added: FileName = [Global.es.resx] value = [default_stringRecurringAppointment] defaultLanguageValue = []
2014-12-23 11:09:08 INFO  ResourceX:56 - ============================[ Default.aspx -> Global.resx ]===============================
2014-12-23 11:09:08 INFO  ResourceX:101 -  (1) Resource Exist: FileName = [Global.resx] value = [default_labelUpcomingEvents] defaultLanguageValue = [Upcoming Events are a stream of upcoming activity. Your upcoming appointments, bookings, customer birthdays and anniversaries, and followups will display here to keep you up-to-date on whats to come.]
2014-12-23 11:09:08 INFO  ResourceX:102 -  (1) Resource Exist: FileName = [Global.resx] value = [default_labelUpcomingEvents] defaultLanguageValue = [Upcoming Events are a stream of upcoming activity. Your upcoming appointments, bookings, customer birthdays and anniversaries, and followups will display here to keep you up-to-date on whats to come.]
2014-12-23 11:09:08 INFO  ResourceX:101 -  (2) Resource Exist: FileName = [Global.resx] value = [default_labelTrendsToolTip] defaultLanguageValue = [Trends give you an overview of the pulse of your business. See the progress of your sales and bookings. Find the products that your sell most and see your up-to-date profit and loss.]
2014-12-23 11:09:08 INFO  ResourceX:102 -  (2) Resource Exist: FileName = [Global.resx] value = [default_labelTrendsToolTip] defaultLanguageValue = [Trends give you an overview of the pulse of your business. See the progress of your sales and bookings. Find the products that your sell most and see your up-to-date profit and loss.]
2014-12-23 11:09:08 INFO  ResourceX:101 -  (3) Resource Exist: FileName = [Global.resx] value = [default_labelBeautiNet] defaultLanguageValue = [Beautinet]
2014-12-23 11:09:08 INFO  ResourceX:102 -  (3) Resource Exist: FileName = [Global.resx] value = [default_labelBeautiNet] defaultLanguageValue = [Beautinet]
2014-12-23 11:09:08 INFO  ResourceX:101 -  (4) Resource Exist: FileName = [Global.resx] value = [default_labelMaryKay] defaultLanguageValue = [Mary Kay]
2014-12-23 11:09:08 INFO  ResourceX:102 -  (4) Resource Exist: FileName = [Global.resx] value = [default_labelMaryKay] defaultLanguageValue = [Mary Kay]
2014-12-23 11:09:08 INFO  ResourceX:101 -  (5) Resource Exist: FileName = [Global.resx] value = [default_labelImportance] defaultLanguageValue = [Importance:]
2014-12-23 11:09:08 INFO  ResourceX:102 -  (5) Resource Exist: FileName = [Global.resx] value = [default_labelImportance] defaultLanguageValue = [Importance:]
2014-12-23 11:09:08 INFO  ResourceX:101 -  (6) Resource Exist: FileName = [Global.resx] value = [default_labelNewVehicle] defaultLanguageValue = [New Vehicle]
2014-12-23 11:09:08 INFO  ResourceX:102 -  (6) Resource Exist: FileName = [Global.resx] value = [default_labelNewVehicle] defaultLanguageValue = [New Vehicle]
2014-12-23 11:09:08 INFO  ResourceX:101 -  (7) Resource Exist: FileName = [Global.resx] value = [default_headerMyAscendLive] defaultLanguageValue = [My Ascend Live]
2014-12-23 11:09:08 INFO  ResourceX:102 -  (7) Resource Exist: FileName = [Global.resx] value = [default_headerMyAscendLive] defaultLanguageValue = [My Ascend Live]
2014-12-23 11:09:08 INFO  ResourceX:101 -  (8) Resource Exist: FileName = [Global.resx] value = [default_helpHighPriorityTaskToolTip] defaultLanguageValue = [My Tasks are your high priority tasks (listed first) followed by upcoming tasks that have a due date assigned.]
2014-12-23 11:09:08 INFO  ResourceX:102 -  (8) Resource Exist: FileName = [Global.resx] value = [default_helpHighPriorityTaskToolTip] defaultLanguageValue = [My Tasks are your high priority tasks (listed first) followed by upcoming tasks that have a due date assigned.]
2014-12-23 11:09:08 INFO  ResourceX:101 -  (9) Resource Exist: FileName = [Global.resx] value = [default_helpBlogToolTip] defaultLanguageValue = [What's New is the latest news and information from our team. Stay up to date with updates to the application as well as tips and industry news.]
2014-12-23 11:09:08 INFO  ResourceX:102 -  (9) Resource Exist: FileName = [Global.resx] value = [default_helpBlogToolTip] defaultLanguageValue = [What's New is the latest news and information from our team. Stay up to date with updates to the application as well as tips and industry news.]
2014-12-23 11:09:08 INFO  ResourceX:101 -  (10) Resource Exist: FileName = [Global.resx] value = [default_labelMaryKayIntouch] defaultLanguageValue = [Mary Kay InTouch]
2014-12-23 11:09:08 INFO  ResourceX:102 -  (10) Resource Exist: FileName = [Global.resx] value = [default_labelMaryKayIntouch] defaultLanguageValue = [Mary Kay InTouch]
2014-12-23 11:09:08 INFO  ResourceX:101 -  (11) Resource Exist: FileName = [Global.resx] value = [default_labelFlourishBlog] defaultLanguageValue = [Flourish Blog]
2014-12-23 11:09:08 INFO  ResourceX:102 -  (11) Resource Exist: FileName = [Global.resx] value = [default_labelFlourishBlog] defaultLanguageValue = [Flourish Blog]
2014-12-23 11:09:08 INFO  ResourceX:101 -  (12) Resource Exist: FileName = [Global.resx] value = [default_headerMyAscendLive] defaultLanguageValue = [My Ascend Live]
2014-12-23 11:09:08 INFO  ResourceX:102 -  (12) Resource Exist: FileName = [Global.resx] value = [default_headerMyAscendLive] defaultLanguageValue = [My Ascend Live]
2014-12-23 11:09:08 INFO  ResourceX:101 -  (13) Resource Exist: FileName = [Global.resx] value = [default_headerFullLinks] defaultLanguageValue = [We have provided some resources with useful information for running your business.]
2014-12-23 11:09:08 INFO  ResourceX:102 -  (13) Resource Exist: FileName = [Global.resx] value = [default_headerFullLinks] defaultLanguageValue = [We have provided some resources with useful information for running your business.]
2014-12-23 11:09:08 INFO  ResourceX:56 - ============================[ Default.aspx -> Global.es.resx ]===============================
2014-12-23 11:09:08 INFO  ResourceX:101 -  (1) Resource Exist: FileName = [Global.es.resx] value = [default_labelUpcomingEvents] defaultLanguageValue = []
2014-12-23 11:09:08 INFO  ResourceX:102 -  (1) Resource Exist: FileName = [Global.es.resx] value = [default_labelUpcomingEvents] defaultLanguageValue = []
2014-12-23 11:09:08 INFO  ResourceX:101 -  (2) Resource Exist: FileName = [Global.es.resx] value = [default_labelTrendsToolTip] defaultLanguageValue = []
2014-12-23 11:09:08 INFO  ResourceX:102 -  (2) Resource Exist: FileName = [Global.es.resx] value = [default_labelTrendsToolTip] defaultLanguageValue = []
2014-12-23 11:09:08 INFO  ResourceX:101 -  (3) Resource Exist: FileName = [Global.es.resx] value = [default_labelBeautiNet] defaultLanguageValue = []
2014-12-23 11:09:08 INFO  ResourceX:102 -  (3) Resource Exist: FileName = [Global.es.resx] value = [default_labelBeautiNet] defaultLanguageValue = []
2014-12-23 11:09:08 INFO  ResourceX:101 -  (4) Resource Exist: FileName = [Global.es.resx] value = [default_labelMaryKay] defaultLanguageValue = []
2014-12-23 11:09:08 INFO  ResourceX:102 -  (4) Resource Exist: FileName = [Global.es.resx] value = [default_labelMaryKay] defaultLanguageValue = []
2014-12-23 11:09:08 INFO  ResourceX:101 -  (5) Resource Exist: FileName = [Global.es.resx] value = [default_labelImportance] defaultLanguageValue = []
2014-12-23 11:09:08 INFO  ResourceX:102 -  (5) Resource Exist: FileName = [Global.es.resx] value = [default_labelImportance] defaultLanguageValue = []
2014-12-23 11:09:08 INFO  ResourceX:101 -  (6) Resource Exist: FileName = [Global.es.resx] value = [default_labelNewVehicle] defaultLanguageValue = []
2014-12-23 11:09:08 INFO  ResourceX:102 -  (6) Resource Exist: FileName = [Global.es.resx] value = [default_labelNewVehicle] defaultLanguageValue = []
2014-12-23 11:09:08 INFO  ResourceX:101 -  (7) Resource Exist: FileName = [Global.es.resx] value = [default_headerMyAscendLive] defaultLanguageValue = []
2014-12-23 11:09:08 INFO  ResourceX:102 -  (7) Resource Exist: FileName = [Global.es.resx] value = [default_headerMyAscendLive] defaultLanguageValue = []
2014-12-23 11:09:08 INFO  ResourceX:101 -  (8) Resource Exist: FileName = [Global.es.resx] value = [default_helpHighPriorityTaskToolTip] defaultLanguageValue = []
2014-12-23 11:09:08 INFO  ResourceX:102 -  (8) Resource Exist: FileName = [Global.es.resx] value = [default_helpHighPriorityTaskToolTip] defaultLanguageValue = []
2014-12-23 11:09:08 INFO  ResourceX:101 -  (9) Resource Exist: FileName = [Global.es.resx] value = [default_helpBlogToolTip] defaultLanguageValue = []
2014-12-23 11:09:08 INFO  ResourceX:102 -  (9) Resource Exist: FileName = [Global.es.resx] value = [default_helpBlogToolTip] defaultLanguageValue = []
2014-12-23 11:09:09 INFO  ResourceX:101 -  (10) Resource Exist: FileName = [Global.es.resx] value = [default_labelMaryKayIntouch] defaultLanguageValue = []
2014-12-23 11:09:09 INFO  ResourceX:102 -  (10) Resource Exist: FileName = [Global.es.resx] value = [default_labelMaryKayIntouch] defaultLanguageValue = []
2014-12-23 11:09:09 INFO  ResourceX:101 -  (11) Resource Exist: FileName = [Global.es.resx] value = [default_labelFlourishBlog] defaultLanguageValue = []
2014-12-23 11:09:09 INFO  ResourceX:102 -  (11) Resource Exist: FileName = [Global.es.resx] value = [default_labelFlourishBlog] defaultLanguageValue = []
2014-12-23 11:09:09 INFO  ResourceX:101 -  (12) Resource Exist: FileName = [Global.es.resx] value = [default_headerMyAscendLive] defaultLanguageValue = []
2014-12-23 11:09:09 INFO  ResourceX:102 -  (12) Resource Exist: FileName = [Global.es.resx] value = [default_headerMyAscendLive] defaultLanguageValue = []
2014-12-23 11:09:09 INFO  ResourceX:101 -  (13) Resource Exist: FileName = [Global.es.resx] value = [default_headerFullLinks] defaultLanguageValue = []
2014-12-23 11:09:09 INFO  ResourceX:102 -  (13) Resource Exist: FileName = [Global.es.resx] value = [default_headerFullLinks] defaultLanguageValue = []
2014-12-23 11:09:09 INFO  ResourceX:56 - ============================[ Default.aspx.vb -> Global.resx ]===============================
2014-12-23 11:09:09 INFO  ResourceX:101 -  (1) Resource Exist: FileName = [Global.resx] value = [default_stringAtTime] defaultLanguageValue = [ at {0}]
2014-12-23 11:09:09 INFO  ResourceX:102 -  (1) Resource Exist: FileName = [Global.resx] value = [default_stringAtTime] defaultLanguageValue = [ at {0}]
2014-12-23 11:09:09 INFO  ResourceX:101 -  (2) Resource Exist: FileName = [Global.resx] value = [default_stringPriorotyLow] defaultLanguageValue = [Low]
2014-12-23 11:09:09 INFO  ResourceX:102 -  (2) Resource Exist: FileName = [Global.resx] value = [default_stringPriorotyLow] defaultLanguageValue = [Low]
2014-12-23 11:09:09 INFO  ResourceX:101 -  (3) Resource Exist: FileName = [Global.resx] value = [default_eventLinkViewContact1] defaultLanguageValue = [Birthday for <b>{2}</b> spouse of <a href=""contacts/ViewContact.aspx?p={0}"">{1}</a>.]
2014-12-23 11:09:09 INFO  ResourceX:102 -  (3) Resource Exist: FileName = [Global.resx] value = [default_eventLinkViewContact1] defaultLanguageValue = [Birthday for <b>{2}</b> spouse of <a href=""contacts/ViewContact.aspx?p={0}"">{1}</a>.]
2014-12-23 11:09:09 INFO  ResourceX:101 -  (4) Resource Exist: FileName = [Global.resx] value = [default_successMileageAdded] defaultLanguageValue = [Your mileage has been successfully added.]
2014-12-23 11:09:09 INFO  ResourceX:102 -  (4) Resource Exist: FileName = [Global.resx] value = [default_successMileageAdded] defaultLanguageValue = [Your mileage has been successfully added.]
2014-12-23 11:09:09 INFO  ResourceX:101 -  (5) Resource Exist: FileName = [Global.resx] value = [default_linkViewContact] defaultLanguageValue = [<a href=""datebook/EditAppointment.aspx?ap={3}"">{4}</a> with <a href=""contacts/ViewContact.aspx?p={0}"">{1}</a>{2}.]
2014-12-23 11:09:09 INFO  ResourceX:102 -  (5) Resource Exist: FileName = [Global.resx] value = [default_linkViewContact] defaultLanguageValue = [<a href=""datebook/EditAppointment.aspx?ap={3}"">{4}</a> with <a href=""contacts/ViewContact.aspx?p={0}"">{1}</a>{2}.]
2014-12-23 11:09:09 INFO  ResourceX:101 -  (6) Resource Exist: FileName = [Global.resx] value = [default_stringPriorotyMedium] defaultLanguageValue = [Medium]
2014-12-23 11:09:09 INFO  ResourceX:102 -  (6) Resource Exist: FileName = [Global.resx] value = [default_stringPriorotyMedium] defaultLanguageValue = [Medium]
2014-12-23 11:09:09 INFO  ResourceX:101 -  (7) Resource Exist: FileName = [Global.resx] value = [default_notifyIncomeAdded] defaultLanguageValue = [Income Added]
2014-12-23 11:09:09 INFO  ResourceX:102 -  (7) Resource Exist: FileName = [Global.resx] value = [default_notifyIncomeAdded] defaultLanguageValue = [Income Added]
2014-12-23 11:09:09 INFO  ResourceX:101 -  (8) Resource Exist: FileName = [Global.resx] value = [default_successTaskAdded] defaultLanguageValue = [Your task has been successfully added.]
2014-12-23 11:09:09 INFO  ResourceX:102 -  (8) Resource Exist: FileName = [Global.resx] value = [default_successTaskAdded] defaultLanguageValue = [Your task has been successfully added.]
2014-12-23 11:09:09 INFO  ResourceX:101 -  (9) Resource Exist: FileName = [Global.resx] value = [default_eventLinkViewContact] defaultLanguageValue = [Anniversary for <a href=""contacts/ViewContact.aspx?p={0}"">{1}</a>.]
2014-12-23 11:09:09 INFO  ResourceX:102 -  (9) Resource Exist: FileName = [Global.resx] value = [default_eventLinkViewContact] defaultLanguageValue = [Anniversary for <a href=""contacts/ViewContact.aspx?p={0}"">{1}</a>.]
2014-12-23 11:09:09 INFO  ResourceX:101 -  (10) Resource Exist: FileName = [Global.resx] value = [default_stringRecurringAppointment] defaultLanguageValue = [Recurring appointment]
2014-12-23 11:09:09 INFO  ResourceX:102 -  (10) Resource Exist: FileName = [Global.resx] value = [default_stringRecurringAppointment] defaultLanguageValue = [Recurring appointment]
2014-12-23 11:09:09 INFO  ResourceX:101 -  (11) Resource Exist: FileName = [Global.resx] value = [default_successIncomeAdded] defaultLanguageValue = [Your income has been successfully added.]
2014-12-23 11:09:09 INFO  ResourceX:102 -  (11) Resource Exist: FileName = [Global.resx] value = [default_successIncomeAdded] defaultLanguageValue = [Your income has been successfully added.]
2014-12-23 11:09:09 INFO  ResourceX:101 -  (12) Resource Exist: FileName = [Global.resx] value = [default_notifyExpenseAdded] defaultLanguageValue = [Expense Added]
2014-12-23 11:09:09 INFO  ResourceX:102 -  (12) Resource Exist: FileName = [Global.resx] value = [default_notifyExpenseAdded] defaultLanguageValue = [Expense Added]
2014-12-23 11:09:09 INFO  ResourceX:101 -  (13) Resource Exist: FileName = [Global.resx] value = [default_stringPriorotyHight] defaultLanguageValue = [High]
2014-12-23 11:09:09 INFO  ResourceX:102 -  (13) Resource Exist: FileName = [Global.resx] value = [default_stringPriorotyHight] defaultLanguageValue = [High]
2014-12-23 11:09:09 INFO  ResourceX:101 -  (14) Resource Exist: FileName = [Global.resx] value = [default_eventLinkAppointments] defaultLanguageValue = [<a href=""datebook/Appointments.aspx"">Anniversary</a> for {0} on {1}.]
2014-12-23 11:09:09 INFO  ResourceX:102 -  (14) Resource Exist: FileName = [Global.resx] value = [default_eventLinkAppointments] defaultLanguageValue = [<a href=""datebook/Appointments.aspx"">Anniversary</a> for {0} on {1}.]
2014-12-23 11:09:09 INFO  ResourceX:101 -  (15) Resource Exist: FileName = [Global.resx] value = [default_stringYou] defaultLanguageValue = [you]
2014-12-23 11:09:09 INFO  ResourceX:102 -  (15) Resource Exist: FileName = [Global.resx] value = [default_stringYou] defaultLanguageValue = [you]
2014-12-23 11:09:09 INFO  ResourceX:101 -  (16) Resource Exist: FileName = [Global.resx] value = [default_successExpenseAdded] defaultLanguageValue = [Your expense has been successfully added.]
2014-12-23 11:09:09 INFO  ResourceX:102 -  (16) Resource Exist: FileName = [Global.resx] value = [default_successExpenseAdded] defaultLanguageValue = [Your expense has been successfully added.]
2014-12-23 11:09:09 INFO  ResourceX:101 -  (17) Resource Exist: FileName = [Global.resx] value = [default_notifyMileageAdded] defaultLanguageValue = [Mileage Added]
2014-12-23 11:09:09 INFO  ResourceX:102 -  (17) Resource Exist: FileName = [Global.resx] value = [default_notifyMileageAdded] defaultLanguageValue = [Mileage Added]
2014-12-23 11:09:09 INFO  ResourceX:101 -  (18) Resource Exist: FileName = [Global.resx] value = [default_stringAllDay] defaultLanguageValue = [all day]
2014-12-23 11:09:09 INFO  ResourceX:102 -  (18) Resource Exist: FileName = [Global.resx] value = [default_stringAllDay] defaultLanguageValue = [all day]
2014-12-23 11:09:09 INFO  ResourceX:101 -  (19) Resource Exist: FileName = [Global.resx] value = [default_linkViewBookingHosted] defaultLanguageValue = [{2} booking hosted by <a href=""datebook/ViewBooking.aspx?b={1}"">{0}</a>.]
2014-12-23 11:09:09 INFO  ResourceX:102 -  (19) Resource Exist: FileName = [Global.resx] value = [default_linkViewBookingHosted] defaultLanguageValue = [{2} booking hosted by <a href=""datebook/ViewBooking.aspx?b={1}"">{0}</a>.]
2014-12-23 11:09:09 INFO  ResourceX:101 -  (20) Resource Exist: FileName = [Global.resx] value = [default_eventLinkAppointments1] defaultLanguageValue = [<a href=""datebook/Appointments.aspx"">Birthday</a> for {0} on {1}.]
2014-12-23 11:09:09 INFO  ResourceX:102 -  (20) Resource Exist: FileName = [Global.resx] value = [default_eventLinkAppointments1] defaultLanguageValue = [<a href=""datebook/Appointments.aspx"">Birthday</a> for {0} on {1}.]
2014-12-23 11:09:09 INFO  ResourceX:101 -  (21) Resource Exist: FileName = [Global.resx] value = [default_stringAppointment] defaultLanguageValue = [Appointment]
2014-12-23 11:09:09 INFO  ResourceX:102 -  (21) Resource Exist: FileName = [Global.resx] value = [default_stringAppointment] defaultLanguageValue = [Appointment]
2014-12-23 11:09:09 INFO  ResourceX:101 -  (22) Resource Exist: FileName = [Global.resx] value = [default_eventLinkViewContact2] defaultLanguageValue = [Birthday for <a href=""contacts/ViewContact.aspx?p={0}"">{1}</a>.]
2014-12-23 11:09:09 INFO  ResourceX:102 -  (22) Resource Exist: FileName = [Global.resx] value = [default_eventLinkViewContact2] defaultLanguageValue = [Birthday for <a href=""contacts/ViewContact.aspx?p={0}"">{1}</a>.]
2014-12-23 11:09:09 INFO  ResourceX:56 - ============================[ Default.aspx.vb -> Global.es.resx ]===============================
2014-12-23 11:09:09 INFO  ResourceX:101 -  (1) Resource Exist: FileName = [Global.es.resx] value = [default_stringAtTime] defaultLanguageValue = []
2014-12-23 11:09:09 INFO  ResourceX:102 -  (1) Resource Exist: FileName = [Global.es.resx] value = [default_stringAtTime] defaultLanguageValue = []
2014-12-23 11:09:09 INFO  ResourceX:101 -  (2) Resource Exist: FileName = [Global.es.resx] value = [default_stringPriorotyLow] defaultLanguageValue = []
2014-12-23 11:09:09 INFO  ResourceX:102 -  (2) Resource Exist: FileName = [Global.es.resx] value = [default_stringPriorotyLow] defaultLanguageValue = []
2014-12-23 11:09:09 INFO  ResourceX:101 -  (3) Resource Exist: FileName = [Global.es.resx] value = [default_eventLinkViewContact1] defaultLanguageValue = []
2014-12-23 11:09:09 INFO  ResourceX:102 -  (3) Resource Exist: FileName = [Global.es.resx] value = [default_eventLinkViewContact1] defaultLanguageValue = []
2014-12-23 11:09:09 INFO  ResourceX:101 -  (4) Resource Exist: FileName = [Global.es.resx] value = [default_successMileageAdded] defaultLanguageValue = []
2014-12-23 11:09:09 INFO  ResourceX:102 -  (4) Resource Exist: FileName = [Global.es.resx] value = [default_successMileageAdded] defaultLanguageValue = []
2014-12-23 11:09:09 INFO  ResourceX:101 -  (5) Resource Exist: FileName = [Global.es.resx] value = [default_linkViewContact] defaultLanguageValue = []
2014-12-23 11:09:09 INFO  ResourceX:102 -  (5) Resource Exist: FileName = [Global.es.resx] value = [default_linkViewContact] defaultLanguageValue = []
2014-12-23 11:09:09 INFO  ResourceX:101 -  (6) Resource Exist: FileName = [Global.es.resx] value = [default_stringPriorotyMedium] defaultLanguageValue = []
2014-12-23 11:09:09 INFO  ResourceX:102 -  (6) Resource Exist: FileName = [Global.es.resx] value = [default_stringPriorotyMedium] defaultLanguageValue = []
2014-12-23 11:09:09 INFO  ResourceX:101 -  (7) Resource Exist: FileName = [Global.es.resx] value = [default_notifyIncomeAdded] defaultLanguageValue = []
2014-12-23 11:09:09 INFO  ResourceX:102 -  (7) Resource Exist: FileName = [Global.es.resx] value = [default_notifyIncomeAdded] defaultLanguageValue = []
2014-12-23 11:09:09 INFO  ResourceX:101 -  (8) Resource Exist: FileName = [Global.es.resx] value = [default_successTaskAdded] defaultLanguageValue = []
2014-12-23 11:09:09 INFO  ResourceX:102 -  (8) Resource Exist: FileName = [Global.es.resx] value = [default_successTaskAdded] defaultLanguageValue = []
2014-12-23 11:09:09 INFO  ResourceX:101 -  (9) Resource Exist: FileName = [Global.es.resx] value = [default_eventLinkViewContact] defaultLanguageValue = []
2014-12-23 11:09:09 INFO  ResourceX:102 -  (9) Resource Exist: FileName = [Global.es.resx] value = [default_eventLinkViewContact] defaultLanguageValue = []
2014-12-23 11:09:09 INFO  ResourceX:101 -  (10) Resource Exist: FileName = [Global.es.resx] value = [default_stringRecurringAppointment] defaultLanguageValue = []
2014-12-23 11:09:09 INFO  ResourceX:102 -  (10) Resource Exist: FileName = [Global.es.resx] value = [default_stringRecurringAppointment] defaultLanguageValue = []
2014-12-23 11:09:09 INFO  ResourceX:101 -  (11) Resource Exist: FileName = [Global.es.resx] value = [default_successIncomeAdded] defaultLanguageValue = []
2014-12-23 11:09:09 INFO  ResourceX:102 -  (11) Resource Exist: FileName = [Global.es.resx] value = [default_successIncomeAdded] defaultLanguageValue = []
2014-12-23 11:09:09 INFO  ResourceX:101 -  (12) Resource Exist: FileName = [Global.es.resx] value = [default_notifyExpenseAdded] defaultLanguageValue = []
2014-12-23 11:09:09 INFO  ResourceX:102 -  (12) Resource Exist: FileName = [Global.es.resx] value = [default_notifyExpenseAdded] defaultLanguageValue = []
2014-12-23 11:09:09 INFO  ResourceX:101 -  (13) Resource Exist: FileName = [Global.es.resx] value = [default_stringPriorotyHight] defaultLanguageValue = []
2014-12-23 11:09:09 INFO  ResourceX:102 -  (13) Resource Exist: FileName = [Global.es.resx] value = [default_stringPriorotyHight] defaultLanguageValue = []
2014-12-23 11:09:09 INFO  ResourceX:101 -  (14) Resource Exist: FileName = [Global.es.resx] value = [default_eventLinkAppointments] defaultLanguageValue = []
2014-12-23 11:09:09 INFO  ResourceX:102 -  (14) Resource Exist: FileName = [Global.es.resx] value = [default_eventLinkAppointments] defaultLanguageValue = []
2014-12-23 11:09:09 INFO  ResourceX:101 -  (15) Resource Exist: FileName = [Global.es.resx] value = [default_stringYou] defaultLanguageValue = []
2014-12-23 11:09:09 INFO  ResourceX:102 -  (15) Resource Exist: FileName = [Global.es.resx] value = [default_stringYou] defaultLanguageValue = []
2014-12-23 11:09:09 INFO  ResourceX:101 -  (16) Resource Exist: FileName = [Global.es.resx] value = [default_successExpenseAdded] defaultLanguageValue = []
2014-12-23 11:09:09 INFO  ResourceX:102 -  (16) Resource Exist: FileName = [Global.es.resx] value = [default_successExpenseAdded] defaultLanguageValue = []
2014-12-23 11:09:09 INFO  ResourceX:101 -  (17) Resource Exist: FileName = [Global.es.resx] value = [default_notifyMileageAdded] defaultLanguageValue = []
2014-12-23 11:09:09 INFO  ResourceX:102 -  (17) Resource Exist: FileName = [Global.es.resx] value = [default_notifyMileageAdded] defaultLanguageValue = []
2014-12-23 11:09:09 INFO  ResourceX:101 -  (18) Resource Exist: FileName = [Global.es.resx] value = [default_stringAllDay] defaultLanguageValue = []
2014-12-23 11:09:09 INFO  ResourceX:102 -  (18) Resource Exist: FileName = [Global.es.resx] value = [default_stringAllDay] defaultLanguageValue = []
2014-12-23 11:09:09 INFO  ResourceX:101 -  (19) Resource Exist: FileName = [Global.es.resx] value = [default_linkViewBookingHosted] defaultLanguageValue = []
2014-12-23 11:09:09 INFO  ResourceX:102 -  (19) Resource Exist: FileName = [Global.es.resx] value = [default_linkViewBookingHosted] defaultLanguageValue = []
2014-12-23 11:09:09 INFO  ResourceX:101 -  (20) Resource Exist: FileName = [Global.es.resx] value = [default_eventLinkAppointments1] defaultLanguageValue = []
2014-12-23 11:09:09 INFO  ResourceX:102 -  (20) Resource Exist: FileName = [Global.es.resx] value = [default_eventLinkAppointments1] defaultLanguageValue = []
2014-12-23 11:09:09 INFO  ResourceX:101 -  (21) Resource Exist: FileName = [Global.es.resx] value = [default_stringAppointment] defaultLanguageValue = []
2014-12-23 11:09:09 INFO  ResourceX:102 -  (21) Resource Exist: FileName = [Global.es.resx] value = [default_stringAppointment] defaultLanguageValue = []
2014-12-23 11:09:09 INFO  ResourceX:101 -  (22) Resource Exist: FileName = [Global.es.resx] value = [default_eventLinkViewContact2] defaultLanguageValue = []
2014-12-23 11:09:09 INFO  ResourceX:102 -  (22) Resource Exist: FileName = [Global.es.resx] value = [default_eventLinkViewContact2] defaultLanguageValue = []
