2014-12-26 20:41:18 INFO  Total:45 - Parsed File: BillingLog.aspx  --  Resource Files: 
2014-12-26 20:41:18 INFO  Total:45 - Parsed File: BillingLog.aspx.vb  --  Resource Files: 
2014-12-26 20:41:18 INFO  Total:45 - Parsed File: Collections.aspx  --  Resource Files: 
2014-12-26 20:41:18 INFO  Total:45 - Parsed File: Collections.aspx.vb  --  Resource Files: 
2014-12-26 20:41:18 INFO  Total:45 - Parsed File: DailyTotals.aspx  --  Resource Files: 
2014-12-26 20:41:18 INFO  Total:45 - Parsed File: DailyTotals.aspx.vb  --  Resource Files: 
2014-12-26 20:41:18 INFO  Total:45 - Parsed File: Default.aspx  --  Resource Files: 
2014-12-26 20:41:18 INFO  Total:45 - Parsed File: Default.aspx.vb  --  Resource Files: 
2014-12-26 20:41:18 INFO  Total:45 - Parsed File: Process.aspx  --  Resource Files: 
2014-12-26 20:41:18 INFO  Total:45 - Parsed File: Process.aspx.vb  --  Resource Files: 
2014-12-26 20:41:18 INFO  Total:45 - Parsed File: SalesTotals.aspx  --  Resource Files: 
2014-12-26 20:41:18 INFO  Total:45 - Parsed File: SalesTotals.aspx.vb  --  Resource Files: 
2014-12-26 20:41:18 INFO  Total:45 - Parsed File: cleanup.aspx  --  Resource Files: 
2014-12-26 20:41:18 INFO  Total:45 - Parsed File: cleanup.aspx.vb  --  Resource Files: 
2014-12-26 20:41:18 INFO  Total:45 - Parsed File: DuplicateProducts.aspx  --  Resource Files: 
2014-12-26 20:41:18 INFO  Total:45 - Parsed File: DuplicateProducts.aspx.vb  --  Resource Files: 
2014-12-26 20:41:18 INFO  Total:45 - Parsed File: EditProductAdmin.aspx  --  Resource Files: 
2014-12-26 20:41:19 INFO  Total:45 - Parsed File: EditProductAdmin.aspx.vb  --  Resource Files: 
2014-12-26 20:41:19 INFO  Total:45 - Parsed File: import.aspx  --  Resource Files: 
2014-12-26 20:41:19 INFO  Total:45 - Parsed File: import.aspx.vb  --  Resource Files: 
2014-12-26 20:41:19 INFO  Total:45 - Parsed File: List.aspx  --  Resource Files: 
2014-12-26 20:41:19 INFO  Total:45 - Parsed File: List.aspx.vb  --  Resource Files: 
2014-12-26 20:41:19 INFO  Total:45 - Parsed File: ManageCatalog.aspx  --  Resource Files: 
2014-12-26 20:41:19 INFO  Total:45 - Parsed File: ManageCatalog.aspx.vb  --  Resource Files: 
2014-12-26 20:41:19 INFO  Total:45 - Parsed File: ProductDetails.aspx  --  Resource Files: 
2014-12-26 20:41:19 INFO  Total:45 - Parsed File: ProductDetails.aspx.vb  --  Resource Files: 
2014-12-26 20:41:19 INFO  Total:45 - Parsed File: search.aspx  --  Resource Files: 
2014-12-26 20:41:19 INFO  Total:45 - Parsed File: search.aspx.vb  --  Resource Files: 
2014-12-26 20:41:19 INFO  Total:45 - Parsed File: Stats.aspx  --  Resource Files: 
2014-12-26 20:41:19 INFO  Total:45 - Parsed File: Stats.aspx.vb  --  Resource Files: 
2014-12-26 20:41:19 INFO  Total:45 - Parsed File: TreeProd.ascx.vb  --  Resource Files: 
2014-12-26 20:41:19 INFO  Total:45 - Parsed File: changelog.aspx  --  Resource Files: 
2014-12-26 20:41:19 INFO  Total:45 - Parsed File: changelog.aspx.vb  --  Resource Files: 
2014-12-26 20:41:19 INFO  Total:45 - Parsed File: Default.aspx  --  Resource Files: 
2014-12-26 20:41:19 INFO  Total:45 - Parsed File: Default.aspx.vb  --  Resource Files: 
2014-12-26 20:41:19 INFO  Total:45 - Parsed File: Default.aspx  --  Resource Files: 
2014-12-26 20:41:19 INFO  Total:45 - Parsed File: Default.aspx.vb  --  Resource Files: 
2014-12-26 20:41:19 INFO  Total:45 - Parsed File: default.aspx  --  Resource Files: 
2014-12-26 20:41:19 INFO  Total:45 - Parsed File: default.aspx.vb  --  Resource Files: 
2014-12-26 20:41:19 INFO  Total:45 - Parsed File: ListMigration.aspx  --  Resource Files: 
2014-12-26 20:41:19 INFO  Total:45 - Parsed File: ListMigration.aspx.vb  --  Resource Files: 
2014-12-26 20:41:19 INFO  Total:45 - Parsed File: logdetail.aspx  --  Resource Files: 
2014-12-26 20:41:19 INFO  Total:45 - Parsed File: logdetail.aspx.vb  --  Resource Files: 
2014-12-26 20:41:19 INFO  Total:45 - Parsed File: logs.aspx  --  Resource Files: 
2014-12-26 20:41:19 INFO  Total:45 - Parsed File: logs.aspx.vb  --  Resource Files: 
2014-12-26 20:41:19 INFO  Total:45 - Parsed File: accounts.aspx  --  Resource Files: 
2014-12-26 20:41:19 INFO  Total:45 - Parsed File: links.aspx  --  Resource Files: 
2014-12-26 20:41:19 INFO  Total:45 - Parsed File: rewards-full.aspx  --  Resource Files: 
2014-12-26 20:41:19 INFO  Total:45 - Parsed File: rewards.aspx  --  Resource Files: 
2014-12-26 20:41:19 INFO  Total:45 - Parsed File: ViewBatchJobs.aspx  --  Resource Files: 
2014-12-26 20:41:19 INFO  Total:45 - Parsed File: ViewBatchJobs.aspx.vb  --  Resource Files: 
2014-12-26 20:41:19 INFO  Total:45 - Parsed File: DScompanies.aspx  --  Resource Files: 
2014-12-26 20:41:19 INFO  Total:45 - Parsed File: DScompanies.aspx.vb  --  Resource Files: 
2014-12-26 20:41:19 INFO  Total:45 - Parsed File: SystemNotice.aspx  --  Resource Files: 
2014-12-26 20:41:19 INFO  Total:45 - Parsed File: SystemNotice.aspx.vb  --  Resource Files: 
2014-12-26 20:41:19 INFO  Total:45 - Parsed File: cookies.aspx  --  Resource Files: 
2014-12-26 20:41:19 INFO  Total:45 - Parsed File: cookies.aspx.vb  --  Resource Files: 
2014-12-26 20:41:19 INFO  Total:45 - Parsed File: default.aspx  --  Resource Files: 
2014-12-26 20:41:19 INFO  Total:45 - Parsed File: default.aspx.vb  --  Resource Files: 
2014-12-26 20:41:19 INFO  Total:45 - Parsed File: fixMigratedContacts.aspx  --  Resource Files: 
2014-12-26 20:41:19 INFO  Total:45 - Parsed File: fixMigratedContacts.aspx.vb  --  Resource Files: 
2014-12-26 20:41:19 INFO  Total:45 - Parsed File: fixPropay.aspx  --  Resource Files: 
2014-12-26 20:41:19 INFO  Total:45 - Parsed File: fixPropay.aspx.vb  --  Resource Files: 
2014-12-26 20:41:19 INFO  Total:45 - Parsed File: planMove.aspx  --  Resource Files: 
2014-12-26 20:41:19 INFO  Total:45 - Parsed File: planMove.aspx.vb  --  Resource Files: 
2014-12-26 20:41:19 INFO  Total:45 - Parsed File: user.aspx  --  Resource Files: 
2014-12-26 20:41:19 INFO  Total:45 - Parsed File: user.aspx.vb  --  Resource Files: 
2014-12-26 20:41:19 INFO  Total:45 - Parsed File: AdminRights.aspx  --  Resource Files: 
2014-12-26 20:41:19 INFO  Total:45 - Parsed File: AdminRights.aspx.vb  --  Resource Files: 
2014-12-26 20:41:19 INFO  Total:45 - Parsed File: AdminSearchUsers.aspx  --  Resource Files: 
2014-12-26 20:41:19 INFO  Total:45 - Parsed File: AdminSearchUsers.aspx.vb  --  Resource Files: 
2014-12-26 20:41:19 INFO  Total:45 - Parsed File: Cancellations.aspx  --  Resource Files: 
2014-12-26 20:41:19 INFO  Total:45 - Parsed File: Cancellations.aspx.vb  --  Resource Files: 
2014-12-26 20:41:19 INFO  Total:45 - Parsed File: crmtest.aspx  --  Resource Files: 
2014-12-26 20:41:19 INFO  Total:45 - Parsed File: crmtest.aspx.vb  --  Resource Files: 
2014-12-26 20:41:19 INFO  Total:45 - Parsed File: detail.aspx  --  Resource Files: 
2014-12-26 20:41:19 INFO  Total:45 - Parsed File: detail.aspx.vb  --  Resource Files: 
2014-12-26 20:41:19 INFO  Total:45 - Parsed File: purgeOld.aspx  --  Resource Files: 
2014-12-26 20:41:19 INFO  Total:45 - Parsed File: purgeOld.aspx.vb  --  Resource Files: 
2014-12-26 20:41:19 INFO  Total:45 - Parsed File: signups.aspx  --  Resource Files: 
2014-12-26 20:41:19 INFO  Total:45 - Parsed File: signups.aspx.vb  --  Resource Files: 
2014-12-26 20:41:19 INFO  Total:45 - Parsed File: UserRoles.aspx  --  Resource Files: 
2014-12-26 20:41:19 INFO  Total:45 - Parsed File: UserRoles.aspx.vb  --  Resource Files: 
2014-12-26 20:41:19 INFO  Total:45 - Parsed File: UsersList.aspx  --  Resource Files: 
2014-12-26 20:41:19 INFO  Total:45 - Parsed File: UsersList.aspx.vb  --  Resource Files: 
2014-12-26 20:41:19 INFO  Total:45 - Parsed File: AppContent.vb  --  Resource Files: 
2014-12-26 20:41:19 INFO  Total:45 - Parsed File: BookingBasePage.vb  --  Resource Files: 
2014-12-26 20:41:19 INFO  Total:45 - Parsed File: CalendarWS.vb  --  Resource Files: 
2014-12-26 20:41:19 INFO  Total:45 - Parsed File: ContactBasePage.vb  --  Resource Files: 
2014-12-26 20:41:19 INFO  Total:45 - Parsed File: Emails.vb  --  Resource Files: 
2014-12-26 20:41:19 INFO  Total:45 - Parsed File: Helpdesk.vb  --  Resource Files: 
2014-12-26 20:41:19 INFO  Total:45 - Parsed File: HyperLink.vb  --  Resource Files: 
2014-12-26 20:41:19 INFO  Total:45 - Parsed File: ImageFunctions.vb  --  Resource Files: 
2014-12-26 20:41:19 INFO  Total:45 - Parsed File: ImportOrderView.vb  --  Resource Files: 
2014-12-26 20:41:19 INFO  Total:45 - Parsed File: ISmarterTrackService.vb  --  Resource Files: 
2014-12-26 20:41:19 INFO  Total:45 - Parsed File: LeadDyno.vb  --  Resource Files: 
2014-12-26 20:41:19 INFO  Total:45 - Parsed File: ListProductInfoView.vb  --  Resource Files: 
2014-12-26 20:41:19 INFO  Total:45 - Parsed File: Maintenance.vb  --  Resource Files: 
2014-12-26 20:41:19 INFO  Total:45 - Parsed File: SmarterTrackService.vb  --  Resource Files: 
2014-12-26 20:41:19 INFO  Total:45 - Parsed File: SmarterTrackServices.vb  --  Resource Files: 
2014-12-26 20:41:19 INFO  Total:45 - Parsed File: SSDataTables.vb  --  Resource Files: 
2014-12-26 20:41:19 INFO  Total:45 - Parsed File: SSDataTablesFilters.vb  --  Resource Files: 
2014-12-26 20:41:19 INFO  Total:45 - Parsed File: TwoMenuMaster.vb  --  Resource Files: 
2014-12-26 20:41:19 INFO  Total:45 - Parsed File: VOBaseLoginPage.vb  --  Resource Files: 
2014-12-26 20:41:19 INFO  Total:45 - Parsed File: VOBaseMasterPage.vb  --  Resource Files: [Global.resx : {80}]
2014-12-26 20:41:20 INFO  Total:45 - Parsed File: VOBasePage.vb  --  Resource Files: 
2014-12-26 20:41:20 INFO  Total:45 - Parsed File: VOBasePrintPage.vb  --  Resource Files: 
2014-12-26 20:41:20 INFO  Total:45 - Parsed File: VOCommon.vb  --  Resource Files: [Global.resx : {4}]
2014-12-26 20:41:20 INFO  Total:45 - Parsed File: VOEncrypt.vb  --  Resource Files: 
2014-12-26 20:41:20 INFO  Total:45 - Parsed File: VOImport.vb  --  Resource Files: 
2014-12-26 20:41:20 INFO  Total:45 - Parsed File: VOSession.vb  --  Resource Files: 
2014-12-26 20:41:20 INFO  Total:45 - Parsed File: WebMail.vb  --  Resource Files: 
2014-12-26 20:41:20 INFO  Total:45 - Parsed File: XmlResObject.vb  --  Resource Files: 
2014-12-26 20:41:20 INFO  Total:45 - Parsed File: BookingSearch.aspx  --  Resource Files: 
2014-12-26 20:41:20 INFO  Total:45 - Parsed File: BookingSearch.aspx.vb  --  Resource Files: 
2014-12-26 20:41:20 INFO  Total:45 - Parsed File: CustomerSearch.aspx  --  Resource Files: 
2014-12-26 20:41:20 INFO  Total:45 - Parsed File: CustomerSearch.aspx.vb  --  Resource Files: 
2014-12-26 20:41:20 INFO  Total:45 - Parsed File: DirectSalesCompany.aspx  --  Resource Files: 
2014-12-26 20:41:20 INFO  Total:45 - Parsed File: DirectSalesCompany.aspx.vb  --  Resource Files: 
2014-12-26 20:41:20 INFO  Total:45 - Parsed File: GetUsersListDT.aspx  --  Resource Files: 
2014-12-26 20:41:20 INFO  Total:45 - Parsed File: GetUsersListDT.aspx.vb  --  Resource Files: 
2014-12-26 20:41:20 INFO  Total:45 - Parsed File: ProductSearch.aspx  --  Resource Files: 
2014-12-26 20:41:20 INFO  Total:45 - Parsed File: ProductSearch.aspx.vb  --  Resource Files: 
2014-12-26 20:41:20 INFO  Total:45 - Parsed File: UserSearch.aspx  --  Resource Files: 
2014-12-26 20:41:20 INFO  Total:45 - Parsed File: UserSearch.aspx.vb  --  Resource Files: 
2014-12-26 20:41:20 INFO  Total:45 - Parsed File: CCNotice_CO.aspx  --  Resource Files: 
2014-12-26 20:41:20 INFO  Total:45 - Parsed File: CCNotice_CO.aspx.vb  --  Resource Files: 
2014-12-26 20:41:20 INFO  Total:45 - Parsed File: CCNotice_FA.aspx  --  Resource Files: 
2014-12-26 20:41:20 INFO  Total:45 - Parsed File: CCNotice_FA.aspx.vb  --  Resource Files: 
2014-12-26 20:41:20 INFO  Total:45 - Parsed File: CCNotice_PO.aspx  --  Resource Files: 
2014-12-26 20:41:20 INFO  Total:45 - Parsed File: CCNotice_PO.aspx.vb  --  Resource Files: 
2014-12-26 20:41:21 INFO  Total:45 - Parsed File: FirstBill_FA.aspx  --  Resource Files: 
2014-12-26 20:41:21 INFO  Total:45 - Parsed File: FirstBill_FA.aspx.vb  --  Resource Files: 
2014-12-26 20:41:21 INFO  Total:45 - Parsed File: CCNotice.aspx  --  Resource Files: 
2014-12-26 20:41:21 INFO  Total:45 - Parsed File: CCNotice.aspx.vb  --  Resource Files: 
2014-12-26 20:41:21 INFO  Total:45 - Parsed File: ActivityStreamCtrl.ascx.vb  --  Resource Files: [Global.resx : {3}]
2014-12-26 20:41:21 INFO  Total:45 - Parsed File: Message.ascx.vb  --  Resource Files: 
2014-12-26 20:41:21 INFO  Total:45 - Parsed File: Notification.ascx.vb  --  Resource Files: 
2014-12-26 20:41:21 INFO  Total:45 - Parsed File: PersonType.ascx.vb  --  Resource Files: 
2014-12-26 20:41:21 INFO  Total:45 - Parsed File: ReportDescription.ascx.vb  --  Resource Files: 
2014-12-26 20:41:21 INFO  Total:45 - Parsed File: States.ascx.vb  --  Resource Files: 
2014-12-26 20:41:21 INFO  Total:45 - Parsed File: SystemNotification.ascx.vb  --  Resource Files: 
2014-12-26 20:41:21 INFO  Total:45 - Parsed File: UserSetupStep.ascx.vb  --  Resource Files: 
2014-12-26 20:41:21 INFO  Total:45 - Parsed File: UserTitle.ascx.vb  --  Resource Files: 
2014-12-26 20:41:21 INFO  Total:45 - Parsed File: VOGeographicSubdivision.ascx.vb  --  Resource Files: 
2014-12-26 20:41:21 INFO  Total:45 - Parsed File: Default.aspx  --  Resource Files: 
2014-12-26 20:41:21 INFO  Total:45 - Parsed File: Default.aspx.vb  --  Resource Files: 
2014-12-26 20:41:21 INFO  Total:45 - Parsed File: GenericError.aspx  --  Resource Files: 
2014-12-26 20:41:21 INFO  Total:45 - Parsed File: GenericError.aspx.vb  --  Resource Files: 
2014-12-26 20:41:21 INFO  Total:45 - Parsed File: Base.master  --  Resource Files: 
2014-12-26 20:41:21 INFO  Total:45 - Parsed File: Base.master.vb  --  Resource Files: 
2014-12-26 20:41:21 INFO  Total:45 - Parsed File: Base.master  --  Resource Files: 
2014-12-26 20:41:21 INFO  Total:45 - Parsed File: Base.master.vb  --  Resource Files: 
2014-12-26 20:41:21 INFO  Total:45 - Parsed File: Print.master  --  Resource Files: 
2014-12-26 20:41:21 INFO  Total:45 - Parsed File: Print.master.vb  --  Resource Files: 
2014-12-26 20:41:21 INFO  Total:45 - Parsed File: Base.master  --  Resource Files: 
2014-12-26 20:41:21 INFO  Total:45 - Parsed File: Base.master.vb  --  Resource Files: 
2014-12-26 20:41:21 INFO  Total:45 - Parsed File: Print.master  --  Resource Files: 
2014-12-26 20:41:21 INFO  Total:45 - Parsed File: Print.master.vb  --  Resource Files: 
2014-12-26 20:41:21 INFO  Total:45 - Parsed File: Base.master  --  Resource Files: [Global.resx : {5}]
2014-12-26 20:41:21 INFO  Total:45 - Parsed File: Base.master.vb  --  Resource Files: [Global.resx : {2}]
2014-12-26 20:41:21 INFO  Total:45 - Parsed File: Print.master  --  Resource Files: 
2014-12-26 20:41:21 INFO  Total:45 - Parsed File: Print.master.vb  --  Resource Files: 
2014-12-26 20:41:21 INFO  Total:45 - Parsed File: Print.master  --  Resource Files: 
2014-12-26 20:41:21 INFO  Total:45 - Parsed File: Print.master.vb  --  Resource Files: 
2014-12-26 20:41:21 INFO  Total:45 - Parsed File: contact.aspx  --  Resource Files: 
2014-12-26 20:41:21 INFO  Total:45 - Parsed File: contact.aspx.vb  --  Resource Files: 
2014-12-26 20:41:21 INFO  Total:45 - Parsed File: ContactsList.aspx  --  Resource Files: [Contacts.resx : {6}][Global.resx : {9}]
2014-12-26 20:41:21 INFO  Total:45 - Parsed File: ContactsList.aspx.vb  --  Resource Files: [Contacts.resx : {1}]
2014-12-26 20:41:21 INFO  Total:45 - Parsed File: contact_popup.aspx  --  Resource Files: 
2014-12-26 20:41:21 INFO  Total:45 - Parsed File: contact_popup.aspx.vb  --  Resource Files: 
2014-12-26 20:41:21 INFO  Total:45 - Parsed File: Default.aspx  --  Resource Files: [Contacts.resx : {7}][Global.resx : {10}]
2014-12-26 20:41:21 INFO  Total:45 - Parsed File: Default.aspx.vb  --  Resource Files: [Contacts.resx : {11}]
2014-12-26 20:41:22 INFO  Total:45 - Parsed File: ImportContactReview.aspx  --  Resource Files: 
2014-12-26 20:41:22 INFO  Total:45 - Parsed File: ImportContactReview.aspx.vb  --  Resource Files: 
2014-12-26 20:41:22 INFO  Total:45 - Parsed File: ImportContacts.aspx  --  Resource Files: [Contacts.resx : {4}]
2014-12-26 20:41:22 INFO  Total:45 - Parsed File: ImportContacts.aspx.vb  --  Resource Files: [Contacts.resx : {2}]
2014-12-26 20:41:22 INFO  Total:45 - Parsed File: PersonChild.ascx.vb  --  Resource Files: 
2014-12-26 20:41:22 INFO  Total:45 - Parsed File: SendReminder.aspx  --  Resource Files: 
2014-12-26 20:41:22 INFO  Total:45 - Parsed File: SendReminder.aspx.vb  --  Resource Files: 
2014-12-26 20:41:22 INFO  Total:45 - Parsed File: ViewContact.aspx  --  Resource Files: 
2014-12-26 20:41:22 INFO  Total:45 - Parsed File: ViewContact.aspx.vb  --  Resource Files: 
2014-12-26 20:41:22 INFO  Total:45 - Parsed File: external_invoice_view.aspx  --  Resource Files: 
2014-12-26 20:41:22 INFO  Total:45 - Parsed File: external_invoice_view.aspx.vb  --  Resource Files: 
2014-12-26 20:41:22 INFO  Total:45 - Parsed File: external_invoice_view_CO.aspx  --  Resource Files: 
2014-12-26 20:41:22 INFO  Total:45 - Parsed File: external_invoice_view_CO.aspx.vb  --  Resource Files: 
2014-12-26 20:41:22 INFO  Total:45 - Parsed File: external_invoice_view_FA.aspx  --  Resource Files: 
2014-12-26 20:41:22 INFO  Total:45 - Parsed File: external_invoice_view_FA.aspx.vb  --  Resource Files: 
2014-12-26 20:41:22 INFO  Total:45 - Parsed File: external_invoice_view_PO.aspx  --  Resource Files: 
2014-12-26 20:41:22 INFO  Total:45 - Parsed File: external_invoice_view_PO.aspx.vb  --  Resource Files: 
2014-12-26 20:41:22 INFO  Total:45 - Parsed File: invoice_print.aspx  --  Resource Files: 
2014-12-26 20:41:22 INFO  Total:45 - Parsed File: invoice_print.aspx.vb  --  Resource Files: 
2014-12-26 20:41:22 INFO  Total:45 - Parsed File: invoice_view.aspx  --  Resource Files: 
2014-12-26 20:41:22 INFO  Total:45 - Parsed File: invoice_view.aspx.vb  --  Resource Files: 
2014-12-26 20:41:22 INFO  Total:45 - Parsed File: Print.master  --  Resource Files: 
2014-12-26 20:41:22 INFO  Total:45 - Parsed File: Print.master.vb  --  Resource Files: 
2014-12-26 20:41:22 INFO  Total:45 - Parsed File: weekly_report_view.aspx  --  Resource Files: 
2014-12-26 20:41:22 INFO  Total:45 - Parsed File: weekly_report_view.aspx.vb  --  Resource Files: 
2014-12-26 20:41:22 INFO  Total:45 - Parsed File: AdvancedEditForm.ascx.vb  --  Resource Files: 
2014-12-26 20:41:22 INFO  Total:45 - Parsed File: AdvancedForm.ascx.vb  --  Resource Files: 
2014-12-26 20:41:22 INFO  Total:45 - Parsed File: AdvancedInsertForm.ascx.vb  --  Resource Files: 
2014-12-26 20:41:22 INFO  Total:45 - Parsed File: Appointments.aspx  --  Resource Files: [Datebook.resx : {2}][Global.resx : {2}]
2014-12-26 20:41:22 INFO  Total:45 - Parsed File: Appointments.aspx.vb  --  Resource Files: [Datebook.resx : {18}][Global.resx : {1}]
2014-12-26 20:41:22 INFO  Total:45 - Parsed File: Calendar.aspx  --  Resource Files: 
2014-12-26 20:41:23 INFO  Total:45 - Parsed File: Calendar.aspx.vb  --  Resource Files: [Global.resx : {4}]
2014-12-26 20:41:23 INFO  Total:45 - Parsed File: CalendarWS.vb  --  Resource Files: 
2014-12-26 20:41:23 INFO  Total:45 - Parsed File: Default.aspx  --  Resource Files: 
2014-12-26 20:41:23 INFO  Total:45 - Parsed File: Default.aspx.vb  --  Resource Files: 
2014-12-26 20:41:23 INFO  Total:45 - Parsed File: EditAppointment.aspx  --  Resource Files: [Datebook.resx : {2}]
2014-12-26 20:41:23 INFO  Total:45 - Parsed File: EditAppointment.aspx.vb  --  Resource Files: [Datebook.resx : {3}][Global.resx : {2}]
2014-12-26 20:41:24 INFO  Total:45 - Parsed File: EditBooking.aspx  --  Resource Files: 
2014-12-26 20:41:24 INFO  Total:45 - Parsed File: EditBooking.aspx.vb  --  Resource Files: [Datebook.resx : {1}][Global.resx : {1}]
2014-12-26 20:41:24 INFO  Total:45 - Parsed File: ListBookings.aspx  --  Resource Files: [Global.resx : {1}]
2014-12-26 20:41:24 INFO  Total:45 - Parsed File: ListBookings.aspx.vb  --  Resource Files: [Datebook.resx : {2}][Global.resx : {7}]
2014-12-26 20:41:25 INFO  Total:45 - Parsed File: SchedulerDefaultForm.ascx.vb  --  Resource Files: 
2014-12-26 20:41:25 INFO  Total:45 - Parsed File: Setup.aspx  --  Resource Files: 
2014-12-26 20:41:25 INFO  Total:45 - Parsed File: Setup.aspx.vb  --  Resource Files: 
2014-12-26 20:41:25 INFO  Total:45 - Parsed File: Tasks.aspx  --  Resource Files: [Datebook.resx : {1}]
2014-12-26 20:41:25 INFO  Total:45 - Parsed File: Tasks.aspx.vb  --  Resource Files: [Datebook.resx : {15}][Global.resx : {4}]
2014-12-26 20:41:26 INFO  Total:45 - Parsed File: TestPage.aspx  --  Resource Files: 
2014-12-26 20:41:26 INFO  Total:45 - Parsed File: TestPage1.aspx  --  Resource Files: 
2014-12-26 20:41:26 INFO  Total:45 - Parsed File: TestPage1.aspx.vb  --  Resource Files: 
2014-12-26 20:41:26 INFO  Total:45 - Parsed File: ViewBooking.aspx  --  Resource Files: [Datebook.resx : {2}]
2014-12-26 20:41:26 INFO  Total:45 - Parsed File: ViewBooking.aspx.vb  --  Resource Files: [Datebook.resx : {12}][Global.resx : {2}]
2014-12-26 20:41:27 INFO  Total:45 - Parsed File: Default.aspx  --  Resource Files: [Global.resx : {13}]
2014-12-26 20:41:27 INFO  Total:45 - Parsed File: Default.aspx.vb  --  Resource Files: [Global.resx : {23}]
2014-12-26 20:41:28 INFO  Total:45 - Parsed File: example.aspx  --  Resource Files: 
2014-12-26 20:41:28 INFO  Total:45 - Parsed File: example.aspx.vb  --  Resource Files: 
2014-12-26 20:41:28 INFO  Total:45 - Parsed File: 1.aspx  --  Resource Files: 
2014-12-26 20:41:28 INFO  Total:45 - Parsed File: 1.aspx.vb  --  Resource Files: 
2014-12-26 20:41:28 INFO  Total:45 - Parsed File: 2.aspx  --  Resource Files: 
2014-12-26 20:41:28 INFO  Total:45 - Parsed File: 2.aspx.vb  --  Resource Files: 
2014-12-26 20:41:28 INFO  Total:45 - Parsed File: 3.aspx  --  Resource Files: 
2014-12-26 20:41:28 INFO  Total:45 - Parsed File: 3.aspx.vb  --  Resource Files: 
2014-12-26 20:41:28 INFO  Total:45 - Parsed File: 4.aspx  --  Resource Files: 
2014-12-26 20:41:28 INFO  Total:45 - Parsed File: 4.aspx.vb  --  Resource Files: 
2014-12-26 20:41:28 INFO  Total:45 - Parsed File: 5.aspx  --  Resource Files: 
2014-12-26 20:41:28 INFO  Total:45 - Parsed File: 5.aspx.vb  --  Resource Files: 
2014-12-26 20:41:28 INFO  Total:45 - Parsed File: 6.aspx  --  Resource Files: 
2014-12-26 20:41:28 INFO  Total:45 - Parsed File: 6.aspx.vb  --  Resource Files: 
2014-12-26 20:41:28 INFO  Total:45 - Parsed File: 1.aspx  --  Resource Files: 
2014-12-26 20:41:28 INFO  Total:45 - Parsed File: 1.aspx.vb  --  Resource Files: 
2014-12-26 20:41:29 INFO  Total:45 - Parsed File: 2.aspx  --  Resource Files: 
2014-12-26 20:41:29 INFO  Total:45 - Parsed File: 2.aspx.vb  --  Resource Files: 
2014-12-26 20:41:29 INFO  Total:45 - Parsed File: 3.aspx  --  Resource Files: 
2014-12-26 20:41:30 INFO  Total:45 - Parsed File: 3.aspx.vb  --  Resource Files: 
2014-12-26 20:41:30 INFO  Total:45 - Parsed File: 4.aspx  --  Resource Files: 
2014-12-26 20:41:30 INFO  Total:45 - Parsed File: 4.aspx.vb  --  Resource Files: 
2014-12-26 20:41:30 INFO  Total:45 - Parsed File: 5.aspx  --  Resource Files: 
2014-12-26 20:41:30 INFO  Total:45 - Parsed File: 5.aspx.vb  --  Resource Files: 
2014-12-26 20:41:30 INFO  Total:45 - Parsed File: 6.aspx  --  Resource Files: 
2014-12-26 20:41:30 INFO  Total:45 - Parsed File: 6.aspx.vb  --  Resource Files: 
2014-12-26 20:41:30 INFO  Total:45 - Parsed File: Default.aspx  --  Resource Files: 
2014-12-26 20:41:30 INFO  Total:45 - Parsed File: Default.aspx.vb  --  Resource Files: 
2014-12-26 20:41:30 INFO  Total:45 - Parsed File: Default.aspx  --  Resource Files: 
2014-12-26 20:41:30 INFO  Total:45 - Parsed File: Default.aspx.vb  --  Resource Files: 
2014-12-26 20:41:30 INFO  Total:45 - Parsed File: 1.aspx  --  Resource Files: 
2014-12-26 20:41:30 INFO  Total:45 - Parsed File: 1.aspx.vb  --  Resource Files: 
2014-12-26 20:41:30 INFO  Total:45 - Parsed File: 2.aspx  --  Resource Files: 
2014-12-26 20:41:30 INFO  Total:45 - Parsed File: 2.aspx.vb  --  Resource Files: 
2014-12-26 20:41:31 INFO  Total:45 - Parsed File: 3.aspx  --  Resource Files: 
2014-12-26 20:41:31 INFO  Total:45 - Parsed File: 3.aspx.vb  --  Resource Files: 
2014-12-26 20:41:31 INFO  Total:45 - Parsed File: 4.aspx  --  Resource Files: 
2014-12-26 20:41:31 INFO  Total:45 - Parsed File: 4.aspx.vb  --  Resource Files: 
2014-12-26 20:41:31 INFO  Total:45 - Parsed File: 5.aspx  --  Resource Files: 
2014-12-26 20:41:31 INFO  Total:45 - Parsed File: 5.aspx.vb  --  Resource Files: 
2014-12-26 20:41:31 INFO  Total:45 - Parsed File: 6.aspx  --  Resource Files: 
2014-12-26 20:41:31 INFO  Total:45 - Parsed File: 6.aspx.vb  --  Resource Files: 
2014-12-26 20:41:31 INFO  Total:45 - Parsed File: Default.aspx  --  Resource Files: 
2014-12-26 20:41:31 INFO  Total:45 - Parsed File: Default.aspx.vb  --  Resource Files: 
2014-12-26 20:41:31 INFO  Total:45 - Parsed File: 1.aspx  --  Resource Files: 
2014-12-26 20:41:31 INFO  Total:45 - Parsed File: 1.aspx.vb  --  Resource Files: 
2014-12-26 20:41:31 INFO  Total:45 - Parsed File: 2.aspx  --  Resource Files: 
2014-12-26 20:41:31 INFO  Total:45 - Parsed File: 2.aspx.vb  --  Resource Files: 
2014-12-26 20:41:31 INFO  Total:45 - Parsed File: 3.aspx  --  Resource Files: 
2014-12-26 20:41:31 INFO  Total:45 - Parsed File: 3.aspx.vb  --  Resource Files: 
2014-12-26 20:41:31 INFO  Total:45 - Parsed File: 4.aspx  --  Resource Files: 
2014-12-26 20:41:31 INFO  Total:45 - Parsed File: 4.aspx.vb  --  Resource Files: 
2014-12-26 20:41:31 INFO  Total:45 - Parsed File: 5.aspx  --  Resource Files: 
2014-12-26 20:41:31 INFO  Total:45 - Parsed File: 5.aspx.vb  --  Resource Files: 
2014-12-26 20:41:31 INFO  Total:45 - Parsed File: Default.aspx  --  Resource Files: 
2014-12-26 20:41:31 INFO  Total:45 - Parsed File: Default.aspx.vb  --  Resource Files: 
2014-12-26 20:41:31 INFO  Total:45 - Parsed File: Default.aspx  --  Resource Files: 
2014-12-26 20:41:31 INFO  Total:45 - Parsed File: Default.aspx.vb  --  Resource Files: 
2014-12-26 20:41:31 INFO  Total:45 - Parsed File: Default.aspx  --  Resource Files: 
2014-12-26 20:41:31 INFO  Total:45 - Parsed File: Default.aspx.vb  --  Resource Files: 
2014-12-26 20:41:31 INFO  Total:45 - Parsed File: FAQ.aspx  --  Resource Files: 
2014-12-26 20:41:31 INFO  Total:45 - Parsed File: FAQ.aspx.vb  --  Resource Files: 
2014-12-26 20:41:31 INFO  Total:45 - Parsed File: FreshDeskLogin.aspx  --  Resource Files: 
2014-12-26 20:41:31 INFO  Total:45 - Parsed File: FreshDeskLogin.aspx.vb  --  Resource Files: 
2014-12-26 20:41:31 INFO  Total:45 - Parsed File: FreshDeskLogout.aspx  --  Resource Files: 
2014-12-26 20:41:31 INFO  Total:45 - Parsed File: FreshDeskLogout.aspx.vb  --  Resource Files: 
2014-12-26 20:41:31 INFO  Total:45 - Parsed File: HelpArticle.aspx  --  Resource Files: 
2014-12-26 20:41:32 INFO  Total:45 - Parsed File: HelpArticle.aspx.vb  --  Resource Files: 
2014-12-26 20:41:32 INFO  Total:45 - Parsed File: HelpList.aspx  --  Resource Files: 
2014-12-26 20:41:32 INFO  Total:45 - Parsed File: HelpList.aspx.vb  --  Resource Files: 
2014-12-26 20:41:32 INFO  Total:45 - Parsed File: HelpSearch.aspx  --  Resource Files: 
2014-12-26 20:41:32 INFO  Total:45 - Parsed File: HelpSearch.aspx.vb  --  Resource Files: 
2014-12-26 20:41:32 INFO  Total:45 - Parsed File: Support_Login.aspx  --  Resource Files: 
2014-12-26 20:41:32 INFO  Total:45 - Parsed File: Support_Login.aspx.vb  --  Resource Files: 
2014-12-26 20:41:32 INFO  Total:45 - Parsed File: Support_Logout.aspx  --  Resource Files: 
2014-12-26 20:41:32 INFO  Total:45 - Parsed File: Support_Logout.aspx.vb  --  Resource Files: 
2014-12-26 20:41:32 INFO  Total:45 - Parsed File: AddBulkProduct.aspx  --  Resource Files: 
2014-12-26 20:41:32 INFO  Total:45 - Parsed File: AddBulkProduct.aspx.vb  --  Resource Files: 
2014-12-26 20:41:32 INFO  Total:45 - Parsed File: adjustments.aspx  --  Resource Files: [Inventory.resx : {2}][Global.resx : {1}]
2014-12-26 20:41:32 INFO  Total:45 - Parsed File: adjustments.aspx.vb  --  Resource Files: [Inventory.resx : {3}][Global.resx : {3}]
2014-12-26 20:41:32 INFO  Total:45 - Parsed File: Borrow_edit.aspx  --  Resource Files: 
2014-12-26 20:41:32 INFO  Total:45 - Parsed File: Borrow_edit.aspx.vb  --  Resource Files: 
2014-12-26 20:41:32 INFO  Total:45 - Parsed File: Borrow_view.aspx  --  Resource Files: 
2014-12-26 20:41:32 INFO  Total:45 - Parsed File: Borrow_view.aspx.vb  --  Resource Files: 
2014-12-26 20:41:32 INFO  Total:45 - Parsed File: Default.aspx  --  Resource Files: 
2014-12-26 20:41:32 INFO  Total:45 - Parsed File: Default.aspx.vb  --  Resource Files: 
2014-12-26 20:41:32 INFO  Total:45 - Parsed File: EditProduct.aspx  --  Resource Files: 
2014-12-26 20:41:32 INFO  Total:45 - Parsed File: EditProduct.aspx.vb  --  Resource Files: 
2014-12-26 20:41:32 INFO  Total:45 - Parsed File: Exchange_edit.aspx  --  Resource Files: 
2014-12-26 20:41:32 INFO  Total:45 - Parsed File: Exchange_edit.aspx.vb  --  Resource Files: 
2014-12-26 20:41:32 INFO  Total:45 - Parsed File: Exchange_view.aspx  --  Resource Files: 
2014-12-26 20:41:32 INFO  Total:45 - Parsed File: Exchange_view.aspx.vb  --  Resource Files: 
2014-12-26 20:41:32 INFO  Total:45 - Parsed File: ImportProducts.aspx  --  Resource Files: 
2014-12-26 20:41:32 INFO  Total:45 - Parsed File: ImportProducts.aspx.vb  --  Resource Files: 
2014-12-26 20:41:32 INFO  Total:45 - Parsed File: LevelAdjust_edit.aspx  --  Resource Files: 
2014-12-26 20:41:32 INFO  Total:45 - Parsed File: LevelAdjust_edit.aspx.vb  --  Resource Files: 
2014-12-26 20:41:32 INFO  Total:45 - Parsed File: LevelAdjust_view.aspx  --  Resource Files: 
2014-12-26 20:41:32 INFO  Total:45 - Parsed File: LevelAdjust_view.aspx.vb  --  Resource Files: 
2014-12-26 20:41:32 INFO  Total:45 - Parsed File: Loan_edit.aspx  --  Resource Files: 
2014-12-26 20:41:32 INFO  Total:45 - Parsed File: Loan_edit.aspx.vb  --  Resource Files: 
2014-12-26 20:41:32 INFO  Total:45 - Parsed File: Loan_View.aspx  --  Resource Files: 
2014-12-26 20:41:32 INFO  Total:45 - Parsed File: Loan_View.aspx.vb  --  Resource Files: 
2014-12-26 20:41:32 INFO  Total:45 - Parsed File: orders.aspx  --  Resource Files: [Inventory.resx : {1}][Global.resx : {1}]
2014-12-26 20:41:32 INFO  Total:45 - Parsed File: orders.aspx.vb  --  Resource Files: [Inventory.resx : {1}][Global.resx : {6}]
2014-12-26 20:41:33 INFO  Total:45 - Parsed File: order_edit.aspx  --  Resource Files: [Inventory.resx : {1}]
2014-12-26 20:41:33 INFO  Total:45 - Parsed File: order_edit.aspx.vb  --  Resource Files: [Inventory.resx : {5}]
2014-12-26 20:41:33 INFO  Total:45 - Parsed File: order_import.aspx  --  Resource Files: 
2014-12-26 20:41:33 INFO  Total:45 - Parsed File: order_import.aspx.vb  --  Resource Files: 
2014-12-26 20:41:33 INFO  Total:45 - Parsed File: order_import_bn.aspx  --  Resource Files: 
2014-12-26 20:41:33 INFO  Total:45 - Parsed File: order_import_bn.aspx.vb  --  Resource Files: [Inventory.resx : {4}]
2014-12-26 20:41:33 INFO  Total:45 - Parsed File: order_import_mk.aspx  --  Resource Files: 
2014-12-26 20:41:33 INFO  Total:45 - Parsed File: order_import_mk.aspx.vb  --  Resource Files: [Inventory.resx : {5}]
2014-12-26 20:41:33 INFO  Total:45 - Parsed File: order_view.aspx  --  Resource Files: 
2014-12-26 20:41:33 INFO  Total:45 - Parsed File: order_view.aspx.vb  --  Resource Files: 
2014-12-26 20:41:33 INFO  Total:45 - Parsed File: Product_popup.aspx  --  Resource Files: 
2014-12-26 20:41:33 INFO  Total:45 - Parsed File: Product_popup.aspx.vb  --  Resource Files: 
2014-12-26 20:41:33 INFO  Total:45 - Parsed File: Recount_edit.aspx  --  Resource Files: 
2014-12-26 20:41:33 INFO  Total:45 - Parsed File: Recount_edit.aspx.vb  --  Resource Files: 
2014-12-26 20:41:33 INFO  Total:45 - Parsed File: Recount_view.aspx  --  Resource Files: 
2014-12-26 20:41:34 INFO  Total:45 - Parsed File: Recount_view.aspx.vb  --  Resource Files: 
2014-12-26 20:41:34 INFO  Total:45 - Parsed File: TreeProd.ascx.vb  --  Resource Files: 
2014-12-26 20:41:34 INFO  Total:45 - Parsed File: ViewInventory.aspx  --  Resource Files: [Global.resx : {1}]
2014-12-26 20:41:34 INFO  Total:45 - Parsed File: ViewInventory.aspx.vb  --  Resource Files: [Inventory.resx : {9}]
2014-12-26 20:41:34 INFO  Total:45 - Parsed File: ViewProduct.aspx  --  Resource Files: 
2014-12-26 20:41:34 INFO  Total:45 - Parsed File: ViewProduct.aspx.vb  --  Resource Files: 
2014-12-26 20:41:34 INFO  Total:45 - Parsed File: Login_CO.aspx  --  Resource Files: [Login.resx : {6}]
2014-12-26 20:41:34 INFO  Total:45 - Parsed File: Login_CO.aspx.vb  --  Resource Files: [Login.resx : {8}]
2014-12-26 20:41:34 INFO  Total:45 - Parsed File: Login_FA.aspx  --  Resource Files: [Login.resx : {4}]
2014-12-26 20:41:34 INFO  Total:45 - Parsed File: Login_FA.aspx.vb  --  Resource Files: [Login.resx : {8}]
2014-12-26 20:41:34 INFO  Total:45 - Parsed File: Login_PO.aspx  --  Resource Files: [Login.resx : {5}]
2014-12-26 20:41:34 INFO  Total:45 - Parsed File: Login_PO.aspx.vb  --  Resource Files: [Login.resx : {14}]
2014-12-26 20:41:34 INFO  Total:45 - Parsed File: ResetPassword_CO.aspx  --  Resource Files: 
2014-12-26 20:41:34 INFO  Total:45 - Parsed File: ResetPassword_CO.aspx.vb  --  Resource Files: 
2014-12-26 20:41:34 INFO  Total:45 - Parsed File: ResetPassword_FA.aspx  --  Resource Files: 
2014-12-26 20:41:34 INFO  Total:45 - Parsed File: ResetPassword_FA.aspx.vb  --  Resource Files: 
2014-12-26 20:41:34 INFO  Total:45 - Parsed File: ResetPassword_PO.aspx  --  Resource Files: 
2014-12-26 20:41:34 INFO  Total:45 - Parsed File: ResetPassword_PO.aspx.vb  --  Resource Files: 
2014-12-26 20:41:34 INFO  Total:45 - Parsed File: sso_ascend.aspx  --  Resource Files: 
2014-12-26 20:41:34 INFO  Total:45 - Parsed File: sso_ascend.aspx.vb  --  Resource Files: 
2014-12-26 20:41:34 INFO  Total:45 - Parsed File: Sso_PO.aspx  --  Resource Files: 
2014-12-26 20:41:34 INFO  Total:45 - Parsed File: Sso_PO.aspx.vb  --  Resource Files: 
2014-12-26 20:41:34 INFO  Total:45 - Parsed File: Login.aspx  --  Resource Files: 
2014-12-26 20:41:34 INFO  Total:45 - Parsed File: Login.aspx.vb  --  Resource Files: 
2014-12-26 20:41:34 INFO  Total:45 - Parsed File: Default.aspx  --  Resource Files: 
2014-12-26 20:41:34 INFO  Total:45 - Parsed File: Default.aspx.vb  --  Resource Files: 
2014-12-26 20:41:34 INFO  Total:45 - Parsed File: expenses.aspx  --  Resource Files: [Money.resx : {2}][Global.resx : {2}]
2014-12-26 20:41:34 INFO  Total:45 - Parsed File: expenses.aspx.vb  --  Resource Files: [Money.resx : {7}]
2014-12-26 20:41:35 INFO  Total:45 - Parsed File: GetReceiptImage.aspx  --  Resource Files: 
2014-12-26 20:41:35 INFO  Total:45 - Parsed File: GetReceiptImage.aspx.vb  --  Resource Files: 
2014-12-26 20:41:35 INFO  Total:45 - Parsed File: income.aspx  --  Resource Files: [Money.resx : {4}][Global.resx : {2}]
2014-12-26 20:41:35 INFO  Total:45 - Parsed File: income.aspx.vb  --  Resource Files: [Money.resx : {6}]
2014-12-26 20:41:35 INFO  Total:45 - Parsed File: mileage.aspx  --  Resource Files: [Global.resx : {2}]
2014-12-26 20:41:35 INFO  Total:45 - Parsed File: mileage.aspx.vb  --  Resource Files: [Money.resx : {4}]
2014-12-26 20:41:35 INFO  Total:45 - Parsed File: dashboard.aspx  --  Resource Files: 
2014-12-26 20:41:35 INFO  Total:45 - Parsed File: dashboard.aspx.vb  --  Resource Files: 
2014-12-26 20:41:35 INFO  Total:45 - Parsed File: default.aspx  --  Resource Files: 
2014-12-26 20:41:35 INFO  Total:45 - Parsed File: default.aspx.vb  --  Resource Files: 
2014-12-26 20:41:35 INFO  Total:45 - Parsed File: BelowTargetRpt.aspx  --  Resource Files: 
2014-12-26 20:41:35 INFO  Total:45 - Parsed File: BelowTargetRpt.aspx.vb  --  Resource Files: 
2014-12-26 20:41:35 INFO  Total:45 - Parsed File: BelowTargetRptPrint.aspx  --  Resource Files: 
2014-12-26 20:41:35 INFO  Total:45 - Parsed File: BelowTargetRptPrint.aspx.vb  --  Resource Files: 
2014-12-26 20:41:35 INFO  Total:45 - Parsed File: ContactTypeRpt.aspx  --  Resource Files: 
2014-12-26 20:41:35 INFO  Total:45 - Parsed File: ContactTypeRpt.aspx.vb  --  Resource Files: [Reports.resx : {1}]
2014-12-26 20:41:35 INFO  Total:45 - Parsed File: CustomerTotals.aspx  --  Resource Files: 
2014-12-26 20:41:35 INFO  Total:45 - Parsed File: CustomerTotals.aspx.vb  --  Resource Files: 
2014-12-26 20:41:35 INFO  Total:45 - Parsed File: CustPurchaseRpt.aspx  --  Resource Files: 
2014-12-26 20:41:36 INFO  Total:45 - Parsed File: CustPurchaseRpt.aspx.vb  --  Resource Files: [Reports.resx : {1}]
2014-12-26 20:41:36 INFO  Total:45 - Parsed File: Default.aspx  --  Resource Files: 
2014-12-26 20:41:36 INFO  Total:45 - Parsed File: Default.aspx.vb  --  Resource Files: [Reports.resx : {20}]
2014-12-26 20:41:36 INFO  Total:45 - Parsed File: EventRpt.aspx  --  Resource Files: 
2014-12-26 20:41:36 INFO  Total:45 - Parsed File: EventRpt.aspx.vb  --  Resource Files: [Reports.resx : {5}]
2014-12-26 20:41:36 INFO  Total:45 - Parsed File: IncomeExpenseRpt.aspx  --  Resource Files: 
2014-12-26 20:41:36 INFO  Total:45 - Parsed File: IncomeExpenseRpt.aspx.vb  --  Resource Files: [Global.resx : {48}]
2014-12-26 20:41:37 INFO  Total:45 - Parsed File: InventoryValue.aspx  --  Resource Files: 
2014-12-26 20:41:37 INFO  Total:45 - Parsed File: InventoryValue.aspx.vb  --  Resource Files: [Global.resx : {12}]
2014-12-26 20:41:37 INFO  Total:45 - Parsed File: ItemsReorder.aspx  --  Resource Files: [Reports.resx : {1}]
2014-12-26 20:41:38 INFO  Total:45 - Parsed File: ItemsReorder.aspx.vb  --  Resource Files: 
2014-12-26 20:41:38 INFO  Total:45 - Parsed File: LoanBorrowRpt.aspx  --  Resource Files: 
2014-12-26 20:41:38 INFO  Total:45 - Parsed File: LoanBorrowRpt.aspx.vb  --  Resource Files: [Reports.resx : {1}]
2014-12-26 20:41:38 INFO  Total:45 - Parsed File: MileageRpt.aspx  --  Resource Files: 
2014-12-26 20:41:38 INFO  Total:45 - Parsed File: MileageRpt.aspx.vb  --  Resource Files: [Global.resx : {48}]
2014-12-26 20:41:38 INFO  Total:45 - Parsed File: MissingInfoRpt.aspx  --  Resource Files: 
2014-12-26 20:41:38 INFO  Total:45 - Parsed File: MissingInfoRpt.aspx.vb  --  Resource Files: 
2014-12-26 20:41:38 INFO  Total:45 - Parsed File: OnHandRpt.aspx  --  Resource Files: 
2014-12-26 20:41:38 INFO  Total:45 - Parsed File: OnHandRpt.aspx.vb  --  Resource Files: [Reports.resx : {2}]
2014-12-26 20:41:38 INFO  Total:45 - Parsed File: OrderByItem.aspx  --  Resource Files: 
2014-12-26 20:41:38 INFO  Total:45 - Parsed File: OrderByItem.aspx.vb  --  Resource Files: [Global.resx : {20}]
2014-12-26 20:41:38 INFO  Total:45 - Parsed File: OutstandingRpt.aspx  --  Resource Files: 
2014-12-26 20:41:38 INFO  Total:45 - Parsed File: OutstandingRpt.aspx.vb  --  Resource Files: [Reports.resx : {3}]
2014-12-26 20:41:38 INFO  Total:45 - Parsed File: pdf.aspx  --  Resource Files: 
2014-12-26 20:41:38 INFO  Total:45 - Parsed File: pdf.aspx.vb  --  Resource Files: 
2014-12-26 20:41:38 INFO  Total:45 - Parsed File: print_report.aspx  --  Resource Files: 
2014-12-26 20:41:38 INFO  Total:45 - Parsed File: QuarterlyRpt.aspx  --  Resource Files: [Reports.resx : {3}]
2014-12-26 20:41:39 INFO  Total:45 - Parsed File: QuarterlyRpt.aspx.vb  --  Resource Files: [Global.resx : {12}]
2014-12-26 20:41:39 INFO  Total:45 - Parsed File: ReportTest.aspx  --  Resource Files: 
2014-12-26 20:41:39 INFO  Total:45 - Parsed File: ReportTest.aspx.vb  --  Resource Files: 
2014-12-26 20:41:39 INFO  Total:45 - Parsed File: SalesByCustomer.aspx  --  Resource Files: 
2014-12-26 20:41:39 INFO  Total:45 - Parsed File: SalesByCustomer.aspx.vb  --  Resource Files: [Reports.resx : {2}]
2014-12-26 20:41:39 INFO  Total:45 - Parsed File: SalesByCustomersPrint.aspx  --  Resource Files: 
2014-12-26 20:41:39 INFO  Total:45 - Parsed File: SalesByCustomersPrint.aspx.vb  --  Resource Files: [Reports.resx : {2}]
2014-12-26 20:41:39 INFO  Total:45 - Parsed File: SalesByItemType.aspx  --  Resource Files: 
2014-12-26 20:41:39 INFO  Total:45 - Parsed File: SalesByItemType.aspx.vb  --  Resource Files: [Global.resx : {20}]
2014-12-26 20:41:39 INFO  Total:45 - Parsed File: SalesByProduct.aspx  --  Resource Files: 
2014-12-26 20:41:39 INFO  Total:45 - Parsed File: SalesByProduct.aspx.vb  --  Resource Files: 
2014-12-26 20:41:39 INFO  Total:45 - Parsed File: TopExpenseRpt.aspx  --  Resource Files: 
2014-12-26 20:41:39 INFO  Total:45 - Parsed File: TopExpenseRpt.aspx.vb  --  Resource Files: 
2014-12-26 20:41:39 INFO  Total:45 - Parsed File: TopIncomeRpt.aspx  --  Resource Files: 
2014-12-26 20:41:39 INFO  Total:45 - Parsed File: TopIncomeRpt.aspx.vb  --  Resource Files: 
2014-12-26 20:41:39 INFO  Total:45 - Parsed File: TopProductsRpt.aspx  --  Resource Files: 
2014-12-26 20:41:39 INFO  Total:45 - Parsed File: TopProductsRpt.aspx.vb  --  Resource Files: [Reports.resx : {4}]
2014-12-26 20:41:39 INFO  Total:45 - Parsed File: ViewWeeklyReport.aspx  --  Resource Files: 
2014-12-26 20:41:39 INFO  Total:45 - Parsed File: ViewWeeklyReport.aspx.vb  --  Resource Files: 
2014-12-26 20:41:40 INFO  Total:45 - Parsed File: WeeklyReport.aspx  --  Resource Files: [Reports.resx : {1}][Global.resx : {1}]
2014-12-26 20:41:40 INFO  Total:45 - Parsed File: WeeklyReport.aspx.vb  --  Resource Files: [Reports.resx : {5}]
2014-12-26 20:41:40 INFO  Total:45 - Parsed File: WeeklyReportPrint.aspx  --  Resource Files: 
2014-12-26 20:41:40 INFO  Total:45 - Parsed File: WeeklyReportPrint.aspx.vb  --  Resource Files: 
2014-12-26 20:41:40 INFO  Total:45 - Parsed File: default.aspx  --  Resource Files: 
2014-12-26 20:41:40 INFO  Total:45 - Parsed File: default.aspx.vb  --  Resource Files: 
2014-12-26 20:41:40 INFO  Total:45 - Parsed File: invoice.aspx  --  Resource Files: 
2014-12-26 20:41:40 INFO  Total:45 - Parsed File: invoice.aspx.vb  --  Resource Files: 
2014-12-26 20:41:40 INFO  Total:45 - Parsed File: invoices.aspx  --  Resource Files: [Global.resx : {1}]
2014-12-26 20:41:40 INFO  Total:45 - Parsed File: invoices.aspx.vb  --  Resource Files: [Sales.resx : {15}][Global.resx : {14}]
2014-12-26 20:41:40 INFO  Total:45 - Parsed File: invoicesList.aspx  --  Resource Files: [Sales.resx : {7}][Global.resx : {11}]
2014-12-26 20:41:40 INFO  Total:45 - Parsed File: invoicesList.aspx.vb  --  Resource Files: 
2014-12-26 20:41:40 INFO  Total:45 - Parsed File: invoice_print.aspx  --  Resource Files: 
2014-12-26 20:41:40 INFO  Total:45 - Parsed File: invoice_print.aspx.vb  --  Resource Files: 
2014-12-26 20:41:40 INFO  Total:45 - Parsed File: invoice_view.aspx  --  Resource Files: 
2014-12-26 20:41:40 INFO  Total:45 - Parsed File: invoice_view.aspx.vb  --  Resource Files: [Sales.resx : {10}]
2014-12-26 20:41:40 INFO  Total:45 - Parsed File: product_ac.aspx  --  Resource Files: 
2014-12-26 20:41:40 INFO  Total:45 - Parsed File: product_ac.aspx.vb  --  Resource Files: 
2014-12-26 20:41:40 INFO  Total:45 - Parsed File: purchases_pop.aspx  --  Resource Files: 
2014-12-26 20:41:40 INFO  Total:45 - Parsed File: purchases_pop.aspx.vb  --  Resource Files: 
2014-12-26 20:41:40 INFO  Total:45 - Parsed File: CancelAccount_CO.aspx  --  Resource Files: 
2014-12-26 20:41:40 INFO  Total:45 - Parsed File: CancelAccount_CO.aspx.vb  --  Resource Files: 
2014-12-26 20:41:40 INFO  Total:45 - Parsed File: CancelAccount_FA.aspx  --  Resource Files: 
2014-12-26 20:41:40 INFO  Total:45 - Parsed File: CancelAccount_FA.aspx.vb  --  Resource Files: 
2014-12-26 20:41:40 INFO  Total:45 - Parsed File: CancelAccount_PO.aspx  --  Resource Files: 
2014-12-26 20:41:41 INFO  Total:45 - Parsed File: CancelAccount_PO.aspx.vb  --  Resource Files: 
2014-12-26 20:41:41 INFO  Total:45 - Parsed File: referrals-dashboard.aspx  --  Resource Files: 
2014-12-26 20:41:41 INFO  Total:45 - Parsed File: referrals-dashboard.aspx.vb  --  Resource Files: 
2014-12-26 20:41:41 INFO  Total:45 - Parsed File: referrals.aspx  --  Resource Files: 
2014-12-26 20:41:41 INFO  Total:45 - Parsed File: referrals.aspx.vb  --  Resource Files: 
2014-12-26 20:41:41 INFO  Total:45 - Parsed File: settings-billing.aspx  --  Resource Files: [Settings.resx : {21}]
2014-12-26 20:41:41 INFO  Total:45 - Parsed File: settings-billing.aspx.vb  --  Resource Files: [Settings.resx : {9}]
2014-12-26 20:41:41 INFO  Total:45 - Parsed File: settings-propay.aspx  --  Resource Files: [Settings.resx : {5}]
2014-12-26 20:41:41 INFO  Total:45 - Parsed File: settings-propay.aspx.vb  --  Resource Files: [Settings.resx : {4}]
2014-12-26 20:41:41 INFO  Total:45 - Parsed File: settings-referral-terms.aspx  --  Resource Files: 
2014-12-26 20:41:41 INFO  Total:45 - Parsed File: settings-referral-terms.aspx.vb  --  Resource Files: 
2014-12-26 20:41:41 INFO  Total:45 - Parsed File: settings.aspx  --  Resource Files: [Settings.resx : {54}]
2014-12-26 20:41:41 INFO  Total:45 - Parsed File: settings.aspx.vb  --  Resource Files: [Settings.resx : {12}][Global.resx : {1}]
2014-12-26 20:41:41 INFO  Total:45 - Parsed File: webmail.aspx  --  Resource Files: 
2014-12-26 20:41:41 INFO  Total:45 - Parsed File: webmail.aspx.vb  --  Resource Files: 
2014-12-26 20:41:41 INFO  Total:45 - Parsed File: default.aspx  --  Resource Files: 
2014-12-26 20:41:41 INFO  Total:45 - Parsed File: default.aspx.vb  --  Resource Files: 
2014-12-26 20:41:41 INFO  Total:45 - Parsed File: DirectSalesComapany_ac.aspx  --  Resource Files: 
2014-12-26 20:41:41 INFO  Total:45 - Parsed File: DirectSalesComapany_ac.aspx.vb  --  Resource Files: 
2014-12-26 20:41:41 INFO  Total:45 - Parsed File: event.aspx  --  Resource Files: 
2014-12-26 20:41:41 INFO  Total:45 - Parsed File: event.aspx.vb  --  Resource Files: 
2014-12-26 20:41:41 INFO  Total:45 - Parsed File: signup_CO.aspx  --  Resource Files: 
2014-12-26 20:41:41 INFO  Total:45 - Parsed File: signup_CO.aspx.vb  --  Resource Files: 
2014-12-26 20:41:41 INFO  Total:45 - Parsed File: signup_FA.aspx  --  Resource Files: 
2014-12-26 20:41:41 INFO  Total:45 - Parsed File: signup_FA.aspx.vb  --  Resource Files: 
2014-12-26 20:41:41 INFO  Total:45 - Parsed File: signup_PO.aspx  --  Resource Files: 
2014-12-26 20:41:41 INFO  Total:45 - Parsed File: signup_PO.aspx.vb  --  Resource Files: 
2014-12-26 20:41:41 INFO  Total:45 - Parsed File: test.aspx  --  Resource Files: 
2014-12-26 20:41:41 INFO  Total:45 - Parsed File: test.aspx.vb  --  Resource Files: 
2014-12-26 20:41:41 INFO  Total:45 - Parsed File: Test2.aspx  --  Resource Files: 
2014-12-26 20:41:41 INFO  Total:45 - Parsed File: Test2.aspx.vb  --  Resource Files: 
2014-12-26 20:41:41 INFO  Total:45 - Parsed File: default.aspx  --  Resource Files: 
2014-12-26 20:41:41 INFO  Total:45 - Parsed File: default.aspx.vb  --  Resource Files: 
2014-12-26 20:41:41 INFO  Total:45 - Parsed File: WebMail.aspx  --  Resource Files: 
2014-12-26 20:41:41 INFO  Total:45 - Parsed File: WebMail.aspx.vb  --  Resource Files: 
2014-12-26 20:41:41 INFO  Total:45 - Parsed File: WebmailPage.aspx  --  Resource Files: 
2014-12-26 20:41:41 INFO  Total:45 - Parsed File: WebmailPage.aspx.vb  --  Resource Files: 
